2025-02-05 09:13:21.051 [info] Reading sessions from keychain...
2025-02-05 09:13:21.051 [info] Getting sessions for all scopes...
2025-02-05 09:13:21.051 [info] Getting sessions for all scopes...
2025-02-05 09:13:21.051 [info] Got 0 sessions for ...
2025-02-05 09:13:21.051 [info] Got 0 sessions for ...
2025-02-05 09:13:21.051 [info] Getting sessions for read:user,repo,user:email,workflow...
2025-02-05 09:13:21.051 [info] Got 0 sessions for read:user,repo,user:email,workflow...
2025-02-05 09:13:21.087 [info] Getting sessions for read:user,repo,user:email,workflow...
2025-02-05 09:13:21.087 [info] Got 0 sessions for read:user,repo,user:email,workflow...
2025-02-05 09:13:21.122 [info] Getting sessions for read:user,repo,user:email,workflow...
2025-02-05 09:13:21.122 [info] Got 0 sessions for read:user,repo,user:email,workflow...
2025-02-05 09:13:21.245 [info] Getting sessions for read:user,repo,user:email,workflow...
2025-02-05 09:13:21.245 [info] Got 0 sessions for read:user,repo,user:email,workflow...
2025-02-05 09:13:21.442 [info] Getting sessions for all scopes...
2025-02-05 09:13:21.442 [info] Got 0 sessions for ...
2025-02-05 09:13:23.987 [info] Getting sessions for all scopes...
2025-02-05 09:13:23.987 [info] Got 0 sessions for ...
2025-02-05 09:19:18.131 [info] Reading sessions from keychain...
2025-02-05 09:19:18.131 [info] Getting sessions for all scopes...
2025-02-05 09:19:18.131 [info] Getting sessions for all scopes...
2025-02-05 09:19:18.131 [info] Got 0 sessions for ...
2025-02-05 09:19:18.131 [info] Got 0 sessions for ...
2025-02-05 09:19:18.131 [info] Getting sessions for read:user,repo,user:email,workflow...
2025-02-05 09:19:18.131 [info] Got 0 sessions for read:user,repo,user:email,workflow...
2025-02-05 09:19:20.189 [info] Getting sessions for all scopes...
2025-02-05 09:19:20.189 [info] Got 0 sessions for ...
