2025-02-05 09:33:12.013 [info] Extension host with pid 22497 started
2025-02-05 09:33:12.013 [info] Skipping acquiring lock for /home/alex/.config/VSCodium/User/workspaceStorage/67c4e54ed13c7426f12974678a157fcf.
2025-02-05 09:33:12.018 [info] ExtensionService#_doActivateExtension vscode.emmet, startup: false, activationEvent: 'onLanguage'
2025-02-05 09:33:12.027 [info] ExtensionService#_doActivateExtension ms-azuretools.vscode-docker, startup: false, activationEvent: 'onLanguage:dockercompose'
2025-02-05 09:33:12.157 [info] ExtensionService#_doActivateExtension vscode.git-base, startup: true, activationEvent: '*', root cause: vscode.git
2025-02-05 09:33:12.158 [info] ExtensionService#_doActivateExtension vscode.git, startup: true, activationEvent: '*'
2025-02-05 09:33:12.190 [info] ExtensionService#_doActivateExtension vscode.github, startup: true, activationEvent: '*'
2025-02-05 09:33:12.217 [info] Eager extensions activated
2025-02-05 09:33:12.227 [info] ExtensionService#_doActivateExtension vscode.debug-auto-launch, startup: false, activationEvent: 'onStartupFinished'
2025-02-05 09:33:12.228 [info] ExtensionService#_doActivateExtension vscode.merge-conflict, startup: false, activationEvent: 'onStartupFinished'
2025-02-05 09:33:12.289 [info] ExtensionService#_doActivateExtension vscode.github-authentication, startup: false, activationEvent: 'onAuthenticationRequest:github'
2025-02-05 09:35:35.430 [info] ExtensionService#_doActivateExtension vscode.npm, startup: false, activationEvent: 'onTerminalQuickFixRequest:ms-vscode.npm-command'
2025-02-05 09:43:24.875 [info] ExtensionService#_doActivateExtension golang.go, startup: false, activationEvent: 'onLanguage:go'
2025-02-05 09:49:48.584 [info] ExtensionService#_doActivateExtension vscode.html-language-features, startup: false, activationEvent: 'onLanguage:html'
2025-02-05 10:22:41.387 [error] [golang.go] provider FAILED
2025-02-05 10:22:41.388 [error] Error: getting file for InlayHint: context canceled
	at handleResponse (/home/alex/.vscode-oss/extensions/golang.go-0.44.0-universal/dist/goMain.js:8582:40)
	at handleMessage (/home/alex/.vscode-oss/extensions/golang.go-0.44.0-universal/dist/goMain.js:8392:11)
	at processMessageQueue (/home/alex/.vscode-oss/extensions/golang.go-0.44.0-universal/dist/goMain.js:8407:13)
	at Immediate.<anonymous> (/home/alex/.vscode-oss/extensions/golang.go-0.44.0-universal/dist/goMain.js:8383:11)
	at process.processImmediate (node:internal/timers:483:21)
2025-02-05 10:26:35.169 [error] [golang.go] provider FAILED
2025-02-05 10:26:35.170 [error] Error: getting file for InlayHint: context canceled
	at handleResponse (/home/alex/.vscode-oss/extensions/golang.go-0.44.0-universal/dist/goMain.js:8582:40)
	at handleMessage (/home/alex/.vscode-oss/extensions/golang.go-0.44.0-universal/dist/goMain.js:8392:11)
	at processMessageQueue (/home/alex/.vscode-oss/extensions/golang.go-0.44.0-universal/dist/goMain.js:8407:13)
	at Immediate.<anonymous> (/home/alex/.vscode-oss/extensions/golang.go-0.44.0-universal/dist/goMain.js:8383:11)
	at process.processImmediate (node:internal/timers:483:21)
2025-02-05 10:50:31.044 [info] ExtensionService#_doActivateExtension vscode.extension-editing, startup: false, activationEvent: 'onLanguage:markdown'
2025-02-05 10:50:31.065 [info] ExtensionService#_doActivateExtension vscode.markdown-language-features, startup: false, activationEvent: 'onLanguage:markdown'
2025-02-05 10:50:31.310 [info] ExtensionService#_doActivateExtension vscode.markdown-math, startup: false, activationEvent: 'api', root cause: vscode.markdown-language-features
2025-02-05 22:59:38.683 [info] Extension host terminating: renderer closed the MessagePort
2025-02-05 22:59:38.715 [error] Canceled: Canceled
	at new D3 (file:///usr/share/codium/resources/app/out/vs/workbench/api/node/extensionHostProcess.js:32:118193)
	at Py._remoteCall (file:///usr/share/codium/resources/app/out/vs/workbench/api/node/extensionHostProcess.js:32:124487)
	at s.<computed>.n.charCodeAt.s.<computed> (file:///usr/share/codium/resources/app/out/vs/workbench/api/node/extensionHostProcess.js:32:121246)
	at l0._doExecuteCommand (file:///usr/share/codium/resources/app/out/vs/workbench/api/node/extensionHostProcess.js:115:38451)
	at l0.executeCommand (file:///usr/share/codium/resources/app/out/vs/workbench/api/node/extensionHostProcess.js:115:37890)
	at r.registerCommand.description (file:///usr/share/codium/resources/app/out/vs/workbench/api/node/extensionHostProcess.js:115:37154)
	at l0._executeContributedCommand (file:///usr/share/codium/resources/app/out/vs/workbench/api/node/extensionHostProcess.js:115:39020)
	at l0._doExecuteCommand (file:///usr/share/codium/resources/app/out/vs/workbench/api/node/extensionHostProcess.js:115:38023)
	at l0.executeCommand (file:///usr/share/codium/resources/app/out/vs/workbench/api/node/extensionHostProcess.js:115:37890)
	at Object.executeCommand (file:///usr/share/codium/resources/app/out/vs/workbench/api/node/extensionHostProcess.js:157:42391)
	at xh.L [as value] (/usr/share/codium/resources/app/extensions/git/dist/main.js:2:975661)
	at I._deliver (file:///usr/share/codium/resources/app/out/vs/workbench/api/node/extensionHostProcess.js:30:922)
	at I._deliverQueue (file:///usr/share/codium/resources/app/out/vs/workbench/api/node/extensionHostProcess.js:30:1013)
	at I.fire (file:///usr/share/codium/resources/app/out/vs/workbench/api/node/extensionHostProcess.js:30:1349)
	at Object.p [as dispose] (/usr/share/codium/resources/app/extensions/git/dist/main.js:2:997218)
	at /usr/share/codium/resources/app/extensions/git/dist/main.js:2:1003340
	at Array.forEach (<anonymous>)
	at b.dispose (/usr/share/codium/resources/app/extensions/git/dist/main.js:2:1003326)
	at e1.<anonymous> (file:///usr/share/codium/resources/app/out/vs/workbench/api/node/extensionHostProcess.js:109:21508)
	at e1.dispose (file:///usr/share/codium/resources/app/out/vs/workbench/api/node/extensionHostProcess.js:109:21604)
	at e1.<anonymous> (/usr/share/codium/resources/app/extensions/git/dist/main.js:2:978140)
	at e1.dispose (file:///usr/share/codium/resources/app/out/vs/workbench/api/node/extensionHostProcess.js:109:21604)
	at ai (file:///usr/share/codium/resources/app/out/vs/workbench/api/node/extensionHostProcess.js:25:699)
	at file:///usr/share/codium/resources/app/out/vs/workbench/api/node/extensionHostProcess.js:119:18392
	at file:///usr/share/codium/resources/app/out/vs/workbench/api/node/extensionHostProcess.js:25:1009
	at Object.dispose (file:///usr/share/codium/resources/app/out/vs/workbench/api/node/extensionHostProcess.js:8:705)
	at VV._deactivate (file:///usr/share/codium/resources/app/out/vs/workbench/api/node/extensionHostProcess.js:119:14727)
	at file:///usr/share/codium/resources/app/out/vs/workbench/api/node/extensionHostProcess.js:119:12013
	at Array.map (<anonymous>)
	at VV._deactivateAll (file:///usr/share/codium/resources/app/out/vs/workbench/api/node/extensionHostProcess.js:119:12001)
	at VV.terminate (file:///usr/share/codium/resources/app/out/vs/workbench/api/node/extensionHostProcess.js:119:12354)
	at XT.terminate (file:///usr/share/codium/resources/app/out/vs/workbench/api/node/extensionHostProcess.js:120:1592)
	at Zi (file:///usr/share/codium/resources/app/out/vs/workbench/api/node/extensionHostProcess.js:175:16313)
	at MessagePortMain.<anonymous> (file:///usr/share/codium/resources/app/out/vs/workbench/api/node/extensionHostProcess.js:175:12769)
	at MessagePortMain.emit (node:events:518:28)
	at MessagePortMain._internalPort.emit (node:electron/js2c/utility_init:2:2949) setContext undefined
2025-02-05 22:59:38.716 [error] Canceled: Canceled
	at new D3 (file:///usr/share/codium/resources/app/out/vs/workbench/api/node/extensionHostProcess.js:32:118193)
	at Py._remoteCall (file:///usr/share/codium/resources/app/out/vs/workbench/api/node/extensionHostProcess.js:32:124487)
	at s.<computed>.n.charCodeAt.s.<computed> (file:///usr/share/codium/resources/app/out/vs/workbench/api/node/extensionHostProcess.js:32:121246)
	at l0._doExecuteCommand (file:///usr/share/codium/resources/app/out/vs/workbench/api/node/extensionHostProcess.js:115:38451)
	at l0.executeCommand (file:///usr/share/codium/resources/app/out/vs/workbench/api/node/extensionHostProcess.js:115:37890)
	at r.registerCommand.description (file:///usr/share/codium/resources/app/out/vs/workbench/api/node/extensionHostProcess.js:115:37154)
	at l0._executeContributedCommand (file:///usr/share/codium/resources/app/out/vs/workbench/api/node/extensionHostProcess.js:115:39020)
	at l0._doExecuteCommand (file:///usr/share/codium/resources/app/out/vs/workbench/api/node/extensionHostProcess.js:115:38023)
	at l0.executeCommand (file:///usr/share/codium/resources/app/out/vs/workbench/api/node/extensionHostProcess.js:115:37890)
	at Object.executeCommand (file:///usr/share/codium/resources/app/out/vs/workbench/api/node/extensionHostProcess.js:157:42391)
	at set hasGitHubRepositories (/usr/share/codium/resources/app/extensions/github/dist/extension.js:2:328582)
	at /usr/share/codium/resources/app/extensions/github/dist/extension.js:2:329541
	at xh.value (/usr/share/codium/resources/app/extensions/git/dist/main.js:2:1088522)
	at I._deliver (file:///usr/share/codium/resources/app/out/vs/workbench/api/node/extensionHostProcess.js:30:922)
	at I._deliverQueue (file:///usr/share/codium/resources/app/out/vs/workbench/api/node/extensionHostProcess.js:30:1013)
	at I.fire (file:///usr/share/codium/resources/app/out/vs/workbench/api/node/extensionHostProcess.js:30:1349)
	at Object.p [as dispose] (/usr/share/codium/resources/app/extensions/git/dist/main.js:2:997218)
	at /usr/share/codium/resources/app/extensions/git/dist/main.js:2:1003340
	at Array.forEach (<anonymous>)
	at b.dispose (/usr/share/codium/resources/app/extensions/git/dist/main.js:2:1003326)
	at e1.<anonymous> (file:///usr/share/codium/resources/app/out/vs/workbench/api/node/extensionHostProcess.js:109:21508)
	at e1.dispose (file:///usr/share/codium/resources/app/out/vs/workbench/api/node/extensionHostProcess.js:109:21604)
	at e1.<anonymous> (/usr/share/codium/resources/app/extensions/git/dist/main.js:2:978140)
	at e1.dispose (file:///usr/share/codium/resources/app/out/vs/workbench/api/node/extensionHostProcess.js:109:21604)
	at ai (file:///usr/share/codium/resources/app/out/vs/workbench/api/node/extensionHostProcess.js:25:699)
	at file:///usr/share/codium/resources/app/out/vs/workbench/api/node/extensionHostProcess.js:119:18392
	at file:///usr/share/codium/resources/app/out/vs/workbench/api/node/extensionHostProcess.js:25:1009
	at Object.dispose (file:///usr/share/codium/resources/app/out/vs/workbench/api/node/extensionHostProcess.js:8:705)
	at VV._deactivate (file:///usr/share/codium/resources/app/out/vs/workbench/api/node/extensionHostProcess.js:119:14727)
	at file:///usr/share/codium/resources/app/out/vs/workbench/api/node/extensionHostProcess.js:119:12013
	at Array.map (<anonymous>)
	at VV._deactivateAll (file:///usr/share/codium/resources/app/out/vs/workbench/api/node/extensionHostProcess.js:119:12001)
	at VV.terminate (file:///usr/share/codium/resources/app/out/vs/workbench/api/node/extensionHostProcess.js:119:12354)
	at XT.terminate (file:///usr/share/codium/resources/app/out/vs/workbench/api/node/extensionHostProcess.js:120:1592)
	at Zi (file:///usr/share/codium/resources/app/out/vs/workbench/api/node/extensionHostProcess.js:175:16313)
	at MessagePortMain.<anonymous> (file:///usr/share/codium/resources/app/out/vs/workbench/api/node/extensionHostProcess.js:175:12769)
	at MessagePortMain.emit (node:events:518:28)
	at MessagePortMain._internalPort.emit (node:electron/js2c/utility_init:2:2949) setContext undefined
2025-02-05 22:59:38.725 [info] Extension host with pid 22497 exiting with code 0
