2025-02-05 09:33:12.244 [info] [main] Log level: Info
2025-02-05 09:33:12.244 [info] [main] Validating found git in: "git"
2025-02-05 09:33:12.244 [info] [main] Using git "2.48.1" from "git"
2025-02-05 09:33:12.244 [info] [Model][doInitialScan] Initial repository scan started
2025-02-05 09:33:12.244 [info] > git rev-parse --show-toplevel [2ms]
2025-02-05 09:33:12.245 [info] > git rev-parse --git-dir --git-common-dir [4ms]
2025-02-05 09:33:12.248 [info] [Model][openRepository] Opened repository: /home/alex/Code/Backend
2025-02-05 09:33:12.255 [info] > git rev-parse --show-toplevel [1ms]
2025-02-05 09:33:12.255 [info] > git config --get commit.template [2ms]
2025-02-05 09:33:12.259 [info] > git rev-parse --show-toplevel [2ms]
2025-02-05 09:33:12.259 [info] [Model][doInitialScan] Initial repository scan completed - repositories (1), closed repositories (0), parent repositories (0), unsafe repositories (0)
2025-02-05 09:33:12.259 [info] > git for-each-ref --format=%(refname)%00%(upstream:short)%00%(objectname)%00%(upstream:track)%00%(upstream:remotename)%00%(upstream:remoteref) refs/heads/main refs/remotes/main [1ms]
2025-02-05 09:33:12.263 [info] > git status -z -uall [2ms]
2025-02-05 09:33:12.263 [info] > git for-each-ref --sort -committerdate --format %(refname) %(objectname) %(*objectname) [1ms]
2025-02-05 09:33:12.270 [info] > git for-each-ref --format=%(refname)%00%(upstream:short)%00%(objectname)%00%(upstream:track)%00%(upstream:remotename)%00%(upstream:remoteref) refs/heads/main refs/remotes/main [4ms]
2025-02-05 09:33:12.272 [info] > git config --local branch.main.vscode-merge-base [0ms]
2025-02-05 09:33:12.274 [info] > git config --get commit.template [5ms]
2025-02-05 09:33:12.274 [info] > git for-each-ref --format=%(refname)%00%(upstream:short)%00%(objectname)%00%(upstream:track)%00%(upstream:remotename)%00%(upstream:remoteref) refs/heads/origin/main refs/remotes/origin/main [1ms]
2025-02-05 09:33:12.286 [info] > git merge-base refs/heads/main refs/remotes/origin/main [9ms]
2025-02-05 09:33:12.289 [info] > git diff --name-status -z --diff-filter=ADMR a0dd701b686da1887d1adb350de86d1d74d1d97d...refs/remotes/origin/main [2ms]
2025-02-05 09:33:12.289 [info] > git for-each-ref --format=%(refname)%00%(upstream:short)%00%(objectname)%00%(upstream:track)%00%(upstream:remotename)%00%(upstream:remoteref) refs/heads/main refs/remotes/main [4ms]
2025-02-05 09:33:12.310 [info] > git status -z -uall [3ms]
2025-02-05 09:33:12.311 [info] > git for-each-ref --sort -committerdate --format %(refname) %(objectname) %(*objectname) [1ms]
2025-02-05 09:33:12.563 [info] > git show --textconv :docker-compose.yml [5ms]
2025-02-05 09:33:12.565 [info] > git ls-files --stage -- /home/alex/Code/Backend/docker-compose.yml [3ms]
2025-02-05 09:33:12.615 [info] > git blame --root --incremental a0dd701b686da1887d1adb350de86d1d74d1d97d -- /home/alex/Code/Backend/docker-compose.yml [1ms]
2025-02-05 09:33:12.615 [info] fatal: no such path docker-compose.yml in a0dd701b686da1887d1adb350de86d1d74d1d97d
2025-02-05 09:33:12.793 [info] > git check-ignore -v -z --stdin [1ms]
2025-02-05 09:33:14.024 [info] > git config --get commit.template [4ms]
2025-02-05 09:33:14.024 [info] > git for-each-ref --format=%(refname)%00%(upstream:short)%00%(objectname)%00%(upstream:track)%00%(upstream:remotename)%00%(upstream:remoteref) refs/heads/main refs/remotes/main [1ms]
2025-02-05 09:33:14.032 [info] > git status -z -uall [4ms]
2025-02-05 09:33:14.032 [info] > git for-each-ref --sort -committerdate --format %(refname) %(objectname) %(*objectname) [1ms]
2025-02-05 09:33:56.187 [info] > git config --get commit.template [0ms]
2025-02-05 09:33:56.191 [info] > git for-each-ref --format=%(refname)%00%(upstream:short)%00%(objectname)%00%(upstream:track)%00%(upstream:remotename)%00%(upstream:remoteref) refs/heads/main refs/remotes/main [0ms]
2025-02-05 09:33:56.199 [info] > git status -z -uall [3ms]
2025-02-05 09:33:56.199 [info] > git for-each-ref --sort -committerdate --format %(refname) %(objectname) %(*objectname) [1ms]
2025-02-05 09:34:29.821 [info] > git config --get commit.template [0ms]
2025-02-05 09:34:29.825 [info] > git for-each-ref --format=%(refname)%00%(upstream:short)%00%(objectname)%00%(upstream:track)%00%(upstream:remotename)%00%(upstream:remoteref) refs/heads/main refs/remotes/main [0ms]
2025-02-05 09:34:29.834 [info] > git for-each-ref --sort -committerdate --format %(refname) %(objectname) %(*objectname) [1ms]
2025-02-05 09:34:29.835 [info] > git status -z -uall [6ms]
2025-02-05 09:34:57.438 [info] > git config --get commit.template [4ms]
2025-02-05 09:34:57.447 [info] > git for-each-ref --format=%(refname)%00%(upstream:short)%00%(objectname)%00%(upstream:track)%00%(upstream:remotename)%00%(upstream:remoteref) refs/heads/main refs/remotes/main [1ms]
2025-02-05 09:34:57.466 [info] > git status -z -uall [8ms]
2025-02-05 09:34:57.467 [info] > git for-each-ref --sort -committerdate --format %(refname) %(objectname) %(*objectname) [1ms]
2025-02-05 09:35:23.073 [info] > git config --get commit.template [2ms]
2025-02-05 09:35:23.094 [info] > git for-each-ref --format=%(refname)%00%(upstream:short)%00%(objectname)%00%(upstream:track)%00%(upstream:remotename)%00%(upstream:remoteref) refs/heads/main refs/remotes/main [1ms]
2025-02-05 09:35:23.103 [info] > git status -z -uall [5ms]
2025-02-05 09:35:23.103 [info] > git for-each-ref --sort -committerdate --format %(refname) %(objectname) %(*objectname) [1ms]
2025-02-05 09:37:09.779 [info] > git show --textconv :Docker/Dockerfile [5ms]
2025-02-05 09:37:09.779 [info] > git ls-files --stage -- /home/alex/Code/Backend/Docker/Dockerfile [1ms]
2025-02-05 09:37:09.787 [info] > git cat-file -s fcd97437fc8c2e50542f3697c986071bbd4341e6 [1ms]
2025-02-05 09:41:02.713 [info] > git blame --root --incremental a0dd701b686da1887d1adb350de86d1d74d1d97d -- /home/alex/Code/Backend/Docker/Dockerfile [0ms]
2025-02-05 09:43:03.077 [info] > git config --get commit.template [2ms]
2025-02-05 09:43:03.083 [info] > git for-each-ref --format=%(refname)%00%(upstream:short)%00%(objectname)%00%(upstream:track)%00%(upstream:remotename)%00%(upstream:remoteref) refs/heads/main refs/remotes/main [0ms]
2025-02-05 09:43:03.093 [info] > git status -z -uall [6ms]
2025-02-05 09:43:03.093 [info] > git for-each-ref --sort -committerdate --format %(refname) %(objectname) %(*objectname) [1ms]
2025-02-05 09:43:25.016 [info] > git show --textconv :Go/main.go [1ms]
2025-02-05 09:43:25.019 [info] > git ls-files --stage -- /home/alex/Code/Backend/Go/main.go [1ms]
2025-02-05 09:43:25.021 [info] > git cat-file -s be371059b331066c70a9c500903fd82f5f060bcb [0ms]
2025-02-05 09:43:25.044 [info] > git blame --root --incremental a0dd701b686da1887d1adb350de86d1d74d1d97d -- /home/alex/Code/Backend/Go/main.go [17ms]
2025-02-05 09:44:10.270 [info] > git check-ignore -v -z --stdin [1ms]
2025-02-05 09:44:16.115 [info] > git config --get commit.template [5ms]
2025-02-05 09:44:16.115 [info] > git for-each-ref --format=%(refname)%00%(upstream:short)%00%(objectname)%00%(upstream:track)%00%(upstream:remotename)%00%(upstream:remoteref) refs/heads/main refs/remotes/main [1ms]
2025-02-05 09:44:16.124 [info] > git status -z -uall [5ms]
2025-02-05 09:44:16.124 [info] > git for-each-ref --sort -committerdate --format %(refname) %(objectname) %(*objectname) [1ms]
2025-02-05 09:44:16.333 [info] > git check-ignore -v -z --stdin [0ms]
2025-02-05 09:44:21.141 [info] > git config --get commit.template [4ms]
2025-02-05 09:44:21.141 [info] > git for-each-ref --format=%(refname)%00%(upstream:short)%00%(objectname)%00%(upstream:track)%00%(upstream:remotename)%00%(upstream:remoteref) refs/heads/main refs/remotes/main [1ms]
2025-02-05 09:44:21.151 [info] > git status -z -uall [6ms]
2025-02-05 09:44:21.152 [info] > git for-each-ref --sort -committerdate --format %(refname) %(objectname) %(*objectname) [1ms]
2025-02-05 09:44:42.093 [info] > git check-ignore -v -z --stdin [0ms]
2025-02-05 09:44:56.519 [info] > git config --get commit.template [3ms]
2025-02-05 09:44:56.527 [info] > git for-each-ref --format=%(refname)%00%(upstream:short)%00%(objectname)%00%(upstream:track)%00%(upstream:remotename)%00%(upstream:remoteref) refs/heads/main refs/remotes/main [0ms]
2025-02-05 09:44:56.537 [info] > git status -z -uall [5ms]
2025-02-05 09:44:56.538 [info] > git for-each-ref --sort -committerdate --format %(refname) %(objectname) %(*objectname) [1ms]
2025-02-05 09:45:01.550 [info] > git config --get commit.template [4ms]
2025-02-05 09:45:01.550 [info] > git for-each-ref --format=%(refname)%00%(upstream:short)%00%(objectname)%00%(upstream:track)%00%(upstream:remotename)%00%(upstream:remoteref) refs/heads/main refs/remotes/main [0ms]
2025-02-05 09:45:01.558 [info] > git status -z -uall [4ms]
2025-02-05 09:45:01.559 [info] > git for-each-ref --sort -committerdate --format %(refname) %(objectname) %(*objectname) [1ms]
2025-02-05 09:45:27.113 [info] > git config --get commit.template [5ms]
2025-02-05 09:45:27.114 [info] > git for-each-ref --format=%(refname)%00%(upstream:short)%00%(objectname)%00%(upstream:track)%00%(upstream:remotename)%00%(upstream:remoteref) refs/heads/main refs/remotes/main [2ms]
2025-02-05 09:45:27.123 [info] > git status -z -uall [4ms]
2025-02-05 09:45:27.123 [info] > git for-each-ref --sort -committerdate --format %(refname) %(objectname) %(*objectname) [0ms]
2025-02-05 09:45:27.530 [info] > git show --textconv :Docker/Dockerfile [6ms]
2025-02-05 09:45:27.531 [info] > git ls-files --stage -- /home/alex/Code/Backend/Docker/Dockerfile [2ms]
2025-02-05 09:45:27.535 [info] > git cat-file -s fcd97437fc8c2e50542f3697c986071bbd4341e6 [0ms]
2025-02-05 09:45:28.690 [info] > git show --textconv :docker-compose.yml [1ms]
2025-02-05 09:45:28.696 [info] > git ls-files --stage -- /home/alex/Code/Backend/docker-compose.yml [1ms]
2025-02-05 09:45:31.514 [info] > git show --textconv :Go/main.go [6ms]
2025-02-05 09:45:31.514 [info] > git ls-files --stage -- /home/alex/Code/Backend/Go/main.go [2ms]
2025-02-05 09:45:31.520 [info] > git cat-file -s be371059b331066c70a9c500903fd82f5f060bcb [2ms]
2025-02-05 09:45:35.315 [info] > git config --get commit.template [0ms]
2025-02-05 09:45:35.319 [info] > git for-each-ref --format=%(refname)%00%(upstream:short)%00%(objectname)%00%(upstream:track)%00%(upstream:remotename)%00%(upstream:remoteref) refs/heads/main refs/remotes/main [1ms]
2025-02-05 09:45:35.327 [info] > git status -z -uall [4ms]
2025-02-05 09:45:35.328 [info] > git for-each-ref --sort -committerdate --format %(refname) %(objectname) %(*objectname) [1ms]
2025-02-05 09:45:40.354 [info] > git config --get commit.template [1ms]
2025-02-05 09:45:40.358 [info] > git for-each-ref --format=%(refname)%00%(upstream:short)%00%(objectname)%00%(upstream:track)%00%(upstream:remotename)%00%(upstream:remoteref) refs/heads/main refs/remotes/main [0ms]
2025-02-05 09:45:40.369 [info] > git status -z -uall [6ms]
2025-02-05 09:45:40.370 [info] > git for-each-ref --sort -committerdate --format %(refname) %(objectname) %(*objectname) [1ms]
2025-02-05 09:45:40.682 [info] > git show --textconv HEAD:Go/main.go [4ms]
2025-02-05 09:45:40.683 [info] > git ls-tree -l HEAD -- /home/alex/Code/Backend/Go/main.go [1ms]
2025-02-05 09:45:41.408 [info] > git config --get commit.template [0ms]
2025-02-05 09:45:41.413 [info] > git for-each-ref --format=%(refname)%00%(upstream:short)%00%(objectname)%00%(upstream:track)%00%(upstream:remotename)%00%(upstream:remoteref) refs/heads/main refs/remotes/main [0ms]
2025-02-05 09:45:41.422 [info] > git status -z -uall [5ms]
2025-02-05 09:45:41.423 [info] > git for-each-ref --sort -committerdate --format %(refname) %(objectname) %(*objectname) [1ms]
2025-02-05 09:45:41.513 [info] > git ls-files --stage -- /home/alex/Code/Backend/Go/main.go [5ms]
2025-02-05 09:45:41.516 [info] > git ls-tree -l HEAD -- /home/alex/Code/Backend/Go/main.go [4ms]
2025-02-05 09:45:41.517 [info] > git cat-file -s 55c487e6e24e1ab352192bda8d4b0460bed0fa6f [1ms]
2025-02-05 09:45:41.525 [info] > git show --textconv HEAD:Go/main.go [4ms]
2025-02-05 09:45:41.527 [info] > git show --textconv :Go/main.go [2ms]
2025-02-05 09:46:17.506 [info] > git config --get commit.template [1ms]
2025-02-05 09:46:17.511 [info] > git for-each-ref --format=%(refname)%00%(upstream:short)%00%(objectname)%00%(upstream:track)%00%(upstream:remotename)%00%(upstream:remoteref) refs/heads/main refs/remotes/main [1ms]
2025-02-05 09:46:17.522 [info] > git status -z -uall [7ms]
2025-02-05 09:46:17.522 [info] > git for-each-ref --sort -committerdate --format %(refname) %(objectname) %(*objectname) [1ms]
2025-02-05 09:46:17.533 [info] > git merge-base refs/heads/main refs/remotes/origin/main [1ms]
2025-02-05 09:46:17.538 [info] > git blame --root --incremental e840a7ffb25d83edd718abc31188acc6ece8f993 -- /home/alex/Code/Backend/Go/main.go [9ms]
2025-02-05 09:46:17.539 [info] > git diff --name-status -z --diff-filter=ADMR a0dd701b686da1887d1adb350de86d1d74d1d97d...refs/remotes/origin/main [2ms]
2025-02-05 09:46:18.568 [info] > git config --get commit.template [4ms]
2025-02-05 09:46:18.569 [info] > git for-each-ref --format=%(refname)%00%(upstream:short)%00%(objectname)%00%(upstream:track)%00%(upstream:remotename)%00%(upstream:remoteref) refs/heads/main refs/remotes/main [1ms]
2025-02-05 09:46:18.577 [info] > git status -z -uall [5ms]
2025-02-05 09:46:18.577 [info] > git for-each-ref --sort -committerdate --format %(refname) %(objectname) %(*objectname) [1ms]
2025-02-05 09:46:18.666 [info] > git ls-files --stage -- /home/alex/Code/Backend/Go/main.go [0ms]
2025-02-05 09:46:18.670 [info] > git cat-file -s 55c487e6e24e1ab352192bda8d4b0460bed0fa6f [0ms]
2025-02-05 09:46:18.675 [info] > git show --textconv :Go/main.go [0ms]
2025-02-05 09:46:22.849 [info] > git config --get commit.template [5ms]
2025-02-05 09:46:22.850 [info] > git for-each-ref --format=%(refname)%00%(upstream:short)%00%(objectname)%00%(upstream:track)%00%(upstream:remotename)%00%(upstream:remoteref) refs/heads/main refs/remotes/main [2ms]
2025-02-05 09:46:22.859 [info] > git status -z -uall [4ms]
2025-02-05 09:46:22.860 [info] > git for-each-ref --sort -committerdate --format %(refname) %(objectname) %(*objectname) [1ms]
2025-02-05 09:46:22.869 [info] > git merge-base refs/heads/main refs/remotes/origin/main [1ms]
2025-02-05 09:46:22.873 [info] > git diff --name-status -z --diff-filter=ADMR e840a7ffb25d83edd718abc31188acc6ece8f993...refs/remotes/origin/main [0ms]
2025-02-05 09:46:23.895 [info] > git config --get commit.template [0ms]
2025-02-05 09:46:23.902 [info] > git for-each-ref --format=%(refname)%00%(upstream:short)%00%(objectname)%00%(upstream:track)%00%(upstream:remotename)%00%(upstream:remoteref) refs/heads/main refs/remotes/main [2ms]
2025-02-05 09:46:23.910 [info] > git status -z -uall [4ms]
2025-02-05 09:46:23.910 [info] > git for-each-ref --sort -committerdate --format %(refname) %(objectname) %(*objectname) [0ms]
2025-02-05 09:46:23.996 [info] > git ls-files --stage -- /home/alex/Code/Backend/Go/main.go [1ms]
2025-02-05 09:46:24.001 [info] > git cat-file -s 55c487e6e24e1ab352192bda8d4b0460bed0fa6f [0ms]
2025-02-05 09:46:24.007 [info] > git show --textconv :Go/main.go [1ms]
2025-02-05 09:49:48.773 [info] > git show --textconv :index.html [3ms]
2025-02-05 09:49:48.774 [info] > git ls-files --stage -- /home/alex/Code/Backend/index.html [2ms]
2025-02-05 09:49:49.054 [info] > git check-ignore -v -z --stdin [1ms]
2025-02-05 09:49:49.676 [info] > git config --get commit.template [1ms]
2025-02-05 09:49:49.685 [info] > git for-each-ref --format=%(refname)%00%(upstream:short)%00%(objectname)%00%(upstream:track)%00%(upstream:remotename)%00%(upstream:remoteref) refs/heads/main refs/remotes/main [2ms]
2025-02-05 09:49:49.699 [info] > git status -z -uall [9ms]
2025-02-05 09:49:49.699 [info] > git for-each-ref --sort -committerdate --format %(refname) %(objectname) %(*objectname) [3ms]
2025-02-05 09:49:50.849 [info] > git show --textconv :Go/static/index.html [4ms]
2025-02-05 09:49:50.849 [info] > git ls-files --stage -- /home/alex/Code/Backend/Go/static/index.html [0ms]
2025-02-05 09:49:51.142 [info] > git check-ignore -v -z --stdin [1ms]
2025-02-05 09:49:52.212 [info] > git blame --root --incremental e840a7ffb25d83edd718abc31188acc6ece8f993 -- /home/alex/Code/Backend/Go/static/index.html [1ms]
2025-02-05 09:49:52.212 [info] fatal: no such path Go/static/index.html in e840a7ffb25d83edd718abc31188acc6ece8f993
2025-02-05 09:50:10.849 [info] > git config --get commit.template [1ms]
2025-02-05 09:50:10.858 [info] > git for-each-ref --format=%(refname)%00%(upstream:short)%00%(objectname)%00%(upstream:track)%00%(upstream:remotename)%00%(upstream:remoteref) refs/heads/main refs/remotes/main [1ms]
2025-02-05 09:50:10.881 [info] > git status -z -uall [10ms]
2025-02-05 09:50:10.881 [info] > git for-each-ref --sort -committerdate --format %(refname) %(objectname) %(*objectname) [5ms]
2025-02-05 09:50:12.444 [info] > git show --textconv :Go/main.go [8ms]
2025-02-05 09:50:12.444 [info] > git ls-files --stage -- /home/alex/Code/Backend/Go/main.go [0ms]
2025-02-05 09:50:12.451 [info] > git cat-file -s 55c487e6e24e1ab352192bda8d4b0460bed0fa6f [1ms]
2025-02-05 09:50:17.907 [info] > git config --get commit.template [1ms]
2025-02-05 09:50:17.912 [info] > git for-each-ref --format=%(refname)%00%(upstream:short)%00%(objectname)%00%(upstream:track)%00%(upstream:remotename)%00%(upstream:remoteref) refs/heads/main refs/remotes/main [1ms]
2025-02-05 09:50:17.920 [info] > git status -z -uall [4ms]
2025-02-05 09:50:17.921 [info] > git for-each-ref --sort -committerdate --format %(refname) %(objectname) %(*objectname) [1ms]
2025-02-05 09:51:10.204 [info] > git config --get commit.template [1ms]
2025-02-05 09:51:10.214 [info] > git for-each-ref --format=%(refname)%00%(upstream:short)%00%(objectname)%00%(upstream:track)%00%(upstream:remotename)%00%(upstream:remoteref) refs/heads/main refs/remotes/main [1ms]
2025-02-05 09:51:10.237 [info] > git status -z -uall [9ms]
2025-02-05 09:51:10.237 [info] > git for-each-ref --sort -committerdate --format %(refname) %(objectname) %(*objectname) [1ms]
2025-02-05 09:51:19.606 [info] > git show --textconv :layout.hmtl [4ms]
2025-02-05 09:51:19.610 [info] > git ls-files --stage -- /home/alex/Code/Backend/layout.hmtl [4ms]
2025-02-05 09:51:19.877 [info] > git check-ignore -v -z --stdin [0ms]
2025-02-05 09:51:20.434 [info] > git config --get commit.template [0ms]
2025-02-05 09:51:20.439 [info] > git for-each-ref --format=%(refname)%00%(upstream:short)%00%(objectname)%00%(upstream:track)%00%(upstream:remotename)%00%(upstream:remoteref) refs/heads/main refs/remotes/main [0ms]
2025-02-05 09:51:20.450 [info] > git status -z -uall [7ms]
2025-02-05 09:51:20.451 [info] > git for-each-ref --sort -committerdate --format %(refname) %(objectname) %(*objectname) [2ms]
2025-02-05 09:51:29.120 [info] > git show --textconv :layout.html [6ms]
2025-02-05 09:51:29.120 [info] > git ls-files --stage -- /home/alex/Code/Backend/layout.html [1ms]
2025-02-05 09:51:29.403 [info] > git check-ignore -v -z --stdin [0ms]
2025-02-05 09:51:29.944 [info] > git config --get commit.template [2ms]
2025-02-05 09:51:29.949 [info] > git for-each-ref --format=%(refname)%00%(upstream:short)%00%(objectname)%00%(upstream:track)%00%(upstream:remotename)%00%(upstream:remoteref) refs/heads/main refs/remotes/main [1ms]
2025-02-05 09:51:29.957 [info] > git status -z -uall [4ms]
2025-02-05 09:51:29.958 [info] > git for-each-ref --sort -committerdate --format %(refname) %(objectname) %(*objectname) [1ms]
2025-02-05 09:51:31.265 [info] > git show --textconv :Go/layout.html [5ms]
2025-02-05 09:51:31.265 [info] > git ls-files --stage -- /home/alex/Code/Backend/Go/layout.html [1ms]
2025-02-05 09:51:31.546 [info] > git check-ignore -v -z --stdin [1ms]
2025-02-05 09:51:39.965 [info] > git config --get commit.template [0ms]
2025-02-05 09:51:39.970 [info] > git for-each-ref --format=%(refname)%00%(upstream:short)%00%(objectname)%00%(upstream:track)%00%(upstream:remotename)%00%(upstream:remoteref) refs/heads/main refs/remotes/main [0ms]
2025-02-05 09:51:39.979 [info] > git status -z -uall [5ms]
2025-02-05 09:51:39.980 [info] > git for-each-ref --sort -committerdate --format %(refname) %(objectname) %(*objectname) [1ms]
2025-02-05 09:51:41.503 [info] > git show --textconv :Go/static/index.html [4ms]
2025-02-05 09:51:41.504 [info] > git ls-files --stage -- /home/alex/Code/Backend/Go/static/index.html [1ms]
2025-02-05 09:51:47.936 [info] > git config --get commit.template [4ms]
2025-02-05 09:51:47.937 [info] > git for-each-ref --format=%(refname)%00%(upstream:short)%00%(objectname)%00%(upstream:track)%00%(upstream:remotename)%00%(upstream:remoteref) refs/heads/main refs/remotes/main [1ms]
2025-02-05 09:51:47.946 [info] > git status -z -uall [4ms]
2025-02-05 09:51:47.947 [info] > git for-each-ref --sort -committerdate --format %(refname) %(objectname) %(*objectname) [1ms]
2025-02-05 09:52:08.644 [info] > git config --get commit.template [4ms]
2025-02-05 09:52:08.644 [info] > git for-each-ref --format=%(refname)%00%(upstream:short)%00%(objectname)%00%(upstream:track)%00%(upstream:remotename)%00%(upstream:remoteref) refs/heads/main refs/remotes/main [1ms]
2025-02-05 09:52:08.652 [info] > git status -z -uall [4ms]
2025-02-05 09:52:08.652 [info] > git for-each-ref --sort -committerdate --format %(refname) %(objectname) %(*objectname) [1ms]
2025-02-05 09:52:13.663 [info] > git config --get commit.template [4ms]
2025-02-05 09:52:13.664 [info] > git for-each-ref --format=%(refname)%00%(upstream:short)%00%(objectname)%00%(upstream:track)%00%(upstream:remotename)%00%(upstream:remoteref) refs/heads/main refs/remotes/main [1ms]
2025-02-05 09:52:13.673 [info] > git status -z -uall [5ms]
2025-02-05 09:52:13.673 [info] > git for-each-ref --sort -committerdate --format %(refname) %(objectname) %(*objectname) [1ms]
2025-02-05 09:52:25.343 [info] > git config --get commit.template [4ms]
2025-02-05 09:52:25.344 [info] > git for-each-ref --format=%(refname)%00%(upstream:short)%00%(objectname)%00%(upstream:track)%00%(upstream:remotename)%00%(upstream:remoteref) refs/heads/main refs/remotes/main [1ms]
2025-02-05 09:52:25.352 [info] > git status -z -uall [5ms]
2025-02-05 09:52:25.352 [info] > git for-each-ref --sort -committerdate --format %(refname) %(objectname) %(*objectname) [1ms]
2025-02-05 09:52:26.594 [info] > git show --textconv :Go/layout.html [4ms]
2025-02-05 09:52:26.594 [info] > git ls-files --stage -- /home/alex/Code/Backend/Go/layout.html [1ms]
2025-02-05 09:52:27.640 [info] > git blame --root --incremental e840a7ffb25d83edd718abc31188acc6ece8f993 -- /home/alex/Code/Backend/Go/layout.html [0ms]
2025-02-05 09:52:27.640 [info] fatal: no such path Go/layout.html in e840a7ffb25d83edd718abc31188acc6ece8f993
2025-02-05 09:52:30.362 [info] > git config --get commit.template [3ms]
2025-02-05 09:52:30.363 [info] > git for-each-ref --format=%(refname)%00%(upstream:short)%00%(objectname)%00%(upstream:track)%00%(upstream:remotename)%00%(upstream:remoteref) refs/heads/main refs/remotes/main [1ms]
2025-02-05 09:52:30.370 [info] > git status -z -uall [4ms]
2025-02-05 09:52:30.370 [info] > git for-each-ref --sort -committerdate --format %(refname) %(objectname) %(*objectname) [1ms]
2025-02-05 09:54:23.724 [info] > git config --get commit.template [4ms]
2025-02-05 09:54:23.724 [info] > git for-each-ref --format=%(refname)%00%(upstream:short)%00%(objectname)%00%(upstream:track)%00%(upstream:remotename)%00%(upstream:remoteref) refs/heads/main refs/remotes/main [1ms]
2025-02-05 09:54:23.733 [info] > git status -z -uall [5ms]
2025-02-05 09:54:23.733 [info] > git for-each-ref --sort -committerdate --format %(refname) %(objectname) %(*objectname) [1ms]
2025-02-05 09:55:27.116 [info] > git show --textconv :Go/main.go [6ms]
2025-02-05 09:55:27.116 [info] > git ls-files --stage -- /home/alex/Code/Backend/Go/main.go [2ms]
2025-02-05 09:55:27.120 [info] > git cat-file -s 55c487e6e24e1ab352192bda8d4b0460bed0fa6f [0ms]
2025-02-05 09:55:29.451 [info] > git config --get commit.template [1ms]
2025-02-05 09:55:29.455 [info] > git for-each-ref --format=%(refname)%00%(upstream:short)%00%(objectname)%00%(upstream:track)%00%(upstream:remotename)%00%(upstream:remoteref) refs/heads/main refs/remotes/main [1ms]
2025-02-05 09:55:29.465 [info] > git status -z -uall [5ms]
2025-02-05 09:55:29.466 [info] > git for-each-ref --sort -committerdate --format %(refname) %(objectname) %(*objectname) [1ms]
2025-02-05 09:55:45.674 [info] > git config --get commit.template [4ms]
2025-02-05 09:55:45.675 [info] > git for-each-ref --format=%(refname)%00%(upstream:short)%00%(objectname)%00%(upstream:track)%00%(upstream:remotename)%00%(upstream:remoteref) refs/heads/main refs/remotes/main [1ms]
2025-02-05 09:55:45.685 [info] > git status -z -uall [6ms]
2025-02-05 09:55:45.685 [info] > git for-each-ref --sort -committerdate --format %(refname) %(objectname) %(*objectname) [2ms]
2025-02-05 09:57:35.701 [info] > git config --get commit.template [4ms]
2025-02-05 09:57:35.701 [info] > git for-each-ref --format=%(refname)%00%(upstream:short)%00%(objectname)%00%(upstream:track)%00%(upstream:remotename)%00%(upstream:remoteref) refs/heads/main refs/remotes/main [0ms]
2025-02-05 09:57:35.710 [info] > git status -z -uall [5ms]
2025-02-05 09:57:35.710 [info] > git for-each-ref --sort -committerdate --format %(refname) %(objectname) %(*objectname) [1ms]
2025-02-05 09:59:04.497 [info] > git config --get commit.template [4ms]
2025-02-05 09:59:04.497 [info] > git for-each-ref --format=%(refname)%00%(upstream:short)%00%(objectname)%00%(upstream:track)%00%(upstream:remotename)%00%(upstream:remoteref) refs/heads/main refs/remotes/main [1ms]
2025-02-05 09:59:04.505 [info] > git status -z -uall [4ms]
2025-02-05 09:59:04.505 [info] > git for-each-ref --sort -committerdate --format %(refname) %(objectname) %(*objectname) [1ms]
2025-02-05 09:59:30.290 [info] > git config --get commit.template [4ms]
2025-02-05 09:59:30.290 [info] > git for-each-ref --format=%(refname)%00%(upstream:short)%00%(objectname)%00%(upstream:track)%00%(upstream:remotename)%00%(upstream:remoteref) refs/heads/main refs/remotes/main [1ms]
2025-02-05 09:59:30.307 [info] > git status -z -uall [11ms]
2025-02-05 09:59:30.308 [info] > git for-each-ref --sort -committerdate --format %(refname) %(objectname) %(*objectname) [2ms]
2025-02-05 09:59:42.644 [info] > git config --get commit.template [1ms]
2025-02-05 09:59:42.648 [info] > git for-each-ref --format=%(refname)%00%(upstream:short)%00%(objectname)%00%(upstream:track)%00%(upstream:remotename)%00%(upstream:remoteref) refs/heads/main refs/remotes/main [0ms]
2025-02-05 09:59:42.656 [info] > git status -z -uall [4ms]
2025-02-05 09:59:42.656 [info] > git for-each-ref --sort -committerdate --format %(refname) %(objectname) %(*objectname) [1ms]
2025-02-05 10:00:01.024 [info] > git config --get commit.template [1ms]
2025-02-05 10:00:01.028 [info] > git for-each-ref --format=%(refname)%00%(upstream:short)%00%(objectname)%00%(upstream:track)%00%(upstream:remotename)%00%(upstream:remoteref) refs/heads/main refs/remotes/main [0ms]
2025-02-05 10:00:01.039 [info] > git status -z -uall [6ms]
2025-02-05 10:00:01.039 [info] > git for-each-ref --sort -committerdate --format %(refname) %(objectname) %(*objectname) [1ms]
2025-02-05 10:01:22.890 [info] > git config --get commit.template [5ms]
2025-02-05 10:01:22.896 [info] > git for-each-ref --format=%(refname)%00%(upstream:short)%00%(objectname)%00%(upstream:track)%00%(upstream:remotename)%00%(upstream:remoteref) refs/heads/main refs/remotes/main [1ms]
2025-02-05 10:01:22.905 [info] > git status -z -uall [5ms]
2025-02-05 10:01:22.905 [info] > git for-each-ref --sort -committerdate --format %(refname) %(objectname) %(*objectname) [1ms]
2025-02-05 10:01:27.915 [info] > git config --get commit.template [1ms]
2025-02-05 10:01:27.920 [info] > git for-each-ref --format=%(refname)%00%(upstream:short)%00%(objectname)%00%(upstream:track)%00%(upstream:remotename)%00%(upstream:remoteref) refs/heads/main refs/remotes/main [1ms]
2025-02-05 10:01:27.929 [info] > git status -z -uall [5ms]
2025-02-05 10:01:27.929 [info] > git for-each-ref --sort -committerdate --format %(refname) %(objectname) %(*objectname) [1ms]
2025-02-05 10:01:37.203 [info] > git config --get commit.template [4ms]
2025-02-05 10:01:37.203 [info] > git for-each-ref --format=%(refname)%00%(upstream:short)%00%(objectname)%00%(upstream:track)%00%(upstream:remotename)%00%(upstream:remoteref) refs/heads/main refs/remotes/main [1ms]
2025-02-05 10:01:37.210 [info] > git status -z -uall [4ms]
2025-02-05 10:01:37.212 [info] > git for-each-ref --sort -committerdate --format %(refname) %(objectname) %(*objectname) [2ms]
2025-02-05 10:01:42.220 [info] > git config --get commit.template [1ms]
2025-02-05 10:01:42.224 [info] > git for-each-ref --format=%(refname)%00%(upstream:short)%00%(objectname)%00%(upstream:track)%00%(upstream:remotename)%00%(upstream:remoteref) refs/heads/main refs/remotes/main [1ms]
2025-02-05 10:01:42.232 [info] > git status -z -uall [4ms]
2025-02-05 10:01:42.232 [info] > git for-each-ref --sort -committerdate --format %(refname) %(objectname) %(*objectname) [1ms]
2025-02-05 10:03:07.803 [info] > git check-ignore -v -z --stdin [0ms]
2025-02-05 10:03:10.866 [info] > git config --get commit.template [0ms]
2025-02-05 10:03:10.880 [info] > git for-each-ref --format=%(refname)%00%(upstream:short)%00%(objectname)%00%(upstream:track)%00%(upstream:remotename)%00%(upstream:remoteref) refs/heads/main refs/remotes/main [1ms]
2025-02-05 10:03:10.895 [info] > git status -z -uall [8ms]
2025-02-05 10:03:10.895 [info] > git for-each-ref --sort -committerdate --format %(refname) %(objectname) %(*objectname) [2ms]
2025-02-05 10:03:22.427 [info] > git show --textconv :routing.go [5ms]
2025-02-05 10:03:22.427 [info] > git ls-files --stage -- /home/alex/Code/Backend/routing.go [1ms]
2025-02-05 10:03:22.711 [info] > git check-ignore -v -z --stdin [0ms]
2025-02-05 10:03:23.249 [info] > git config --get commit.template [0ms]
2025-02-05 10:03:23.254 [info] > git for-each-ref --format=%(refname)%00%(upstream:short)%00%(objectname)%00%(upstream:track)%00%(upstream:remotename)%00%(upstream:remoteref) refs/heads/main refs/remotes/main [1ms]
2025-02-05 10:03:23.262 [info] > git status -z -uall [3ms]
2025-02-05 10:03:23.262 [info] > git for-each-ref --sort -committerdate --format %(refname) %(objectname) %(*objectname) [1ms]
2025-02-05 10:03:24.813 [info] > git show --textconv :Go/Examples/routing.go [6ms]
2025-02-05 10:03:24.813 [info] > git ls-files --stage -- /home/alex/Code/Backend/Go/Examples/routing.go [1ms]
2025-02-05 10:03:25.102 [info] > git check-ignore -v -z --stdin [1ms]
2025-02-05 10:03:25.641 [info] > git blame --root --incremental e840a7ffb25d83edd718abc31188acc6ece8f993 -- /home/alex/Code/Backend/Go/Examples/routing.go [4ms]
2025-02-05 10:03:25.641 [info] fatal: no such path Go/Examples/routing.go in e840a7ffb25d83edd718abc31188acc6ece8f993
2025-02-05 10:03:40.531 [info] > git config --get commit.template [2ms]
2025-02-05 10:03:40.543 [info] > git for-each-ref --format=%(refname)%00%(upstream:short)%00%(objectname)%00%(upstream:track)%00%(upstream:remotename)%00%(upstream:remoteref) refs/heads/main refs/remotes/main [0ms]
2025-02-05 10:03:40.558 [info] > git status -z -uall [9ms]
2025-02-05 10:03:40.558 [info] > git for-each-ref --sort -committerdate --format %(refname) %(objectname) %(*objectname) [1ms]
2025-02-05 10:03:44.894 [info] > git show --textconv :Go/main.go [6ms]
2025-02-05 10:03:44.895 [info] > git ls-files --stage -- /home/alex/Code/Backend/Go/main.go [2ms]
2025-02-05 10:03:44.899 [info] > git cat-file -s 55c487e6e24e1ab352192bda8d4b0460bed0fa6f [1ms]
2025-02-05 10:03:48.554 [info] > git config --get commit.template [1ms]
2025-02-05 10:03:48.559 [info] > git for-each-ref --format=%(refname)%00%(upstream:short)%00%(objectname)%00%(upstream:track)%00%(upstream:remotename)%00%(upstream:remoteref) refs/heads/main refs/remotes/main [1ms]
2025-02-05 10:03:48.568 [info] > git status -z -uall [4ms]
2025-02-05 10:03:48.568 [info] > git for-each-ref --sort -committerdate --format %(refname) %(objectname) %(*objectname) [1ms]
2025-02-05 10:03:53.580 [info] > git config --get commit.template [4ms]
2025-02-05 10:03:53.581 [info] > git for-each-ref --format=%(refname)%00%(upstream:short)%00%(objectname)%00%(upstream:track)%00%(upstream:remotename)%00%(upstream:remoteref) refs/heads/main refs/remotes/main [1ms]
2025-02-05 10:03:53.593 [info] > git status -z -uall [6ms]
2025-02-05 10:03:53.593 [info] > git for-each-ref --sort -committerdate --format %(refname) %(objectname) %(*objectname) [1ms]
2025-02-05 10:04:06.775 [info] > git show --textconv :Go/static/index.html [6ms]
2025-02-05 10:04:06.777 [info] > git ls-files --stage -- /home/alex/Code/Backend/Go/static/index.html [1ms]
2025-02-05 10:04:15.170 [info] > git show --textconv :Go/main.go [4ms]
2025-02-05 10:04:15.170 [info] > git ls-files --stage -- /home/alex/Code/Backend/Go/main.go [1ms]
2025-02-05 10:04:15.178 [info] > git cat-file -s 55c487e6e24e1ab352192bda8d4b0460bed0fa6f [2ms]
2025-02-05 10:05:23.253 [info] > git show --textconv :httpserver.go [4ms]
2025-02-05 10:05:23.254 [info] > git ls-files --stage -- /home/alex/Code/Backend/httpserver.go [1ms]
2025-02-05 10:05:23.544 [info] > git check-ignore -v -z --stdin [0ms]
2025-02-05 10:05:24.082 [info] > git config --get commit.template [1ms]
2025-02-05 10:05:24.086 [info] > git for-each-ref --format=%(refname)%00%(upstream:short)%00%(objectname)%00%(upstream:track)%00%(upstream:remotename)%00%(upstream:remoteref) refs/heads/main refs/remotes/main [1ms]
2025-02-05 10:05:24.091 [info] > git status -z -uall [1ms]
2025-02-05 10:05:24.092 [info] > git for-each-ref --sort -committerdate --format %(refname) %(objectname) %(*objectname) [1ms]
2025-02-05 10:05:24.423 [info] > git blame --root --incremental e840a7ffb25d83edd718abc31188acc6ece8f993 -- /home/alex/Code/Backend/httpserver.go [2ms]
2025-02-05 10:05:24.423 [info] fatal: no such path httpserver.go in e840a7ffb25d83edd718abc31188acc6ece8f993
2025-02-05 10:05:26.897 [info] > git show --textconv :Go/Examples/httpserver.go [7ms]
2025-02-05 10:05:26.902 [info] > git ls-files --stage -- /home/alex/Code/Backend/Go/Examples/httpserver.go [5ms]
2025-02-05 10:05:26.917 [info] > git blame --root --incremental e840a7ffb25d83edd718abc31188acc6ece8f993 -- /home/alex/Code/Backend/Go/Examples/httpserver.go [1ms]
2025-02-05 10:05:26.917 [info] fatal: no such path Go/Examples/httpserver.go in e840a7ffb25d83edd718abc31188acc6ece8f993
2025-02-05 10:05:27.178 [info] > git check-ignore -v -z --stdin [1ms]
2025-02-05 10:05:29.103 [info] > git for-each-ref --format=%(refname)%00%(upstream:short)%00%(objectname)%00%(upstream:track)%00%(upstream:remotename)%00%(upstream:remoteref) refs/heads/main refs/remotes/main [1ms]
2025-02-05 10:05:29.103 [info] > git config --get commit.template [5ms]
2025-02-05 10:05:29.112 [info] > git status -z -uall [5ms]
2025-02-05 10:05:29.113 [info] > git for-each-ref --sort -committerdate --format %(refname) %(objectname) %(*objectname) [1ms]
2025-02-05 10:05:32.227 [info] > git show --textconv :Go/Examples/routing.go [4ms]
2025-02-05 10:05:32.229 [info] > git ls-files --stage -- /home/alex/Code/Backend/Go/Examples/routing.go [2ms]
2025-02-05 10:05:32.968 [info] > git show --textconv :Go/Examples/httpserver.go [4ms]
2025-02-05 10:05:32.969 [info] > git ls-files --stage -- /home/alex/Code/Backend/Go/Examples/httpserver.go [1ms]
2025-02-05 10:05:34.121 [info] > git config --get commit.template [1ms]
2025-02-05 10:05:34.126 [info] > git for-each-ref --format=%(refname)%00%(upstream:short)%00%(objectname)%00%(upstream:track)%00%(upstream:remotename)%00%(upstream:remoteref) refs/heads/main refs/remotes/main [1ms]
2025-02-05 10:05:34.135 [info] > git status -z -uall [5ms]
2025-02-05 10:05:34.135 [info] > git for-each-ref --sort -committerdate --format %(refname) %(objectname) %(*objectname) [0ms]
2025-02-05 10:05:34.166 [info] > git show --textconv :Go/Examples/routing.go [5ms]
2025-02-05 10:05:34.166 [info] > git ls-files --stage -- /home/alex/Code/Backend/Go/Examples/routing.go [2ms]
2025-02-05 10:05:56.079 [info] > git show --textconv :Go/Examples/httpserver.go [5ms]
2025-02-05 10:05:56.079 [info] > git ls-files --stage -- /home/alex/Code/Backend/Go/Examples/httpserver.go [0ms]
2025-02-05 10:06:05.873 [info] > git check-ignore -v -z --stdin [1ms]
2025-02-05 10:06:06.376 [info] > git config --get commit.template [2ms]
2025-02-05 10:06:06.385 [info] > git for-each-ref --format=%(refname)%00%(upstream:short)%00%(objectname)%00%(upstream:track)%00%(upstream:remotename)%00%(upstream:remoteref) refs/heads/main refs/remotes/main [2ms]
2025-02-05 10:06:06.400 [info] > git status -z -uall [5ms]
2025-02-05 10:06:06.400 [info] > git for-each-ref --sort -committerdate --format %(refname) %(objectname) %(*objectname) [1ms]
2025-02-05 10:11:06.920 [info] > git config --get commit.template [0ms]
2025-02-05 10:11:06.931 [info] > git for-each-ref --format=%(refname)%00%(upstream:short)%00%(objectname)%00%(upstream:track)%00%(upstream:remotename)%00%(upstream:remoteref) refs/heads/main refs/remotes/main [2ms]
2025-02-05 10:11:06.952 [info] > git status -z -uall [10ms]
2025-02-05 10:11:06.952 [info] > git for-each-ref --sort -committerdate --format %(refname) %(objectname) %(*objectname) [1ms]
2025-02-05 10:11:09.812 [info] > git show --textconv :Go/static/index.html [5ms]
2025-02-05 10:11:09.813 [info] > git ls-files --stage -- /home/alex/Code/Backend/Go/static/index.html [1ms]
2025-02-05 10:11:16.111 [info] > git config --get commit.template [4ms]
2025-02-05 10:11:16.111 [info] > git for-each-ref --format=%(refname)%00%(upstream:short)%00%(objectname)%00%(upstream:track)%00%(upstream:remotename)%00%(upstream:remoteref) refs/heads/main refs/remotes/main [1ms]
2025-02-05 10:11:16.119 [info] > git status -z -uall [4ms]
2025-02-05 10:11:16.120 [info] > git for-each-ref --sort -committerdate --format %(refname) %(objectname) %(*objectname) [1ms]
2025-02-05 10:11:21.130 [info] > git config --get commit.template [1ms]
2025-02-05 10:11:21.134 [info] > git for-each-ref --format=%(refname)%00%(upstream:short)%00%(objectname)%00%(upstream:track)%00%(upstream:remotename)%00%(upstream:remoteref) refs/heads/main refs/remotes/main [1ms]
2025-02-05 10:11:21.143 [info] > git status -z -uall [5ms]
2025-02-05 10:11:21.144 [info] > git for-each-ref --sort -committerdate --format %(refname) %(objectname) %(*objectname) [1ms]
2025-02-05 10:11:40.635 [info] > git show --textconv :Go/main.go [7ms]
2025-02-05 10:11:40.635 [info] > git ls-files --stage -- /home/alex/Code/Backend/Go/main.go [1ms]
2025-02-05 10:11:40.643 [info] > git cat-file -s 55c487e6e24e1ab352192bda8d4b0460bed0fa6f [3ms]
2025-02-05 10:11:41.134 [info] > git rev-parse --show-toplevel [1ms]
2025-02-05 10:11:41.134 [info] fatal: not a git repository (or any of the parent directories): .git
2025-02-05 10:11:44.178 [info] > git show --textconv :Go/main.go [5ms]
2025-02-05 10:11:44.178 [info] > git ls-files --stage -- /home/alex/Code/Backend/Go/main.go [1ms]
2025-02-05 10:11:44.183 [info] > git cat-file -s 55c487e6e24e1ab352192bda8d4b0460bed0fa6f [1ms]
2025-02-05 10:11:48.114 [info] > git config --get commit.template [1ms]
2025-02-05 10:11:48.119 [info] > git for-each-ref --format=%(refname)%00%(upstream:short)%00%(objectname)%00%(upstream:track)%00%(upstream:remotename)%00%(upstream:remoteref) refs/heads/main refs/remotes/main [1ms]
2025-02-05 10:11:48.127 [info] > git status -z -uall [4ms]
2025-02-05 10:11:48.128 [info] > git for-each-ref --sort -committerdate --format %(refname) %(objectname) %(*objectname) [1ms]
2025-02-05 10:12:10.397 [info] > git show --textconv :Go/static/index.html [5ms]
2025-02-05 10:12:10.398 [info] > git ls-files --stage -- /home/alex/Code/Backend/Go/static/index.html [1ms]
2025-02-05 10:12:12.654 [info] > git show --textconv :Go/main.go [6ms]
2025-02-05 10:12:12.654 [info] > git ls-files --stage -- /home/alex/Code/Backend/Go/main.go [1ms]
2025-02-05 10:12:12.659 [info] > git cat-file -s 55c487e6e24e1ab352192bda8d4b0460bed0fa6f [2ms]
2025-02-05 10:22:42.472 [info] > git config --get commit.template [1ms]
2025-02-05 10:22:42.477 [info] > git for-each-ref --format=%(refname)%00%(upstream:short)%00%(objectname)%00%(upstream:track)%00%(upstream:remotename)%00%(upstream:remoteref) refs/heads/main refs/remotes/main [1ms]
2025-02-05 10:22:42.486 [info] > git status -z -uall [4ms]
2025-02-05 10:22:42.487 [info] > git for-each-ref --sort -committerdate --format %(refname) %(objectname) %(*objectname) [0ms]
2025-02-05 10:22:47.500 [info] > git config --get commit.template [4ms]
2025-02-05 10:22:47.500 [info] > git for-each-ref --format=%(refname)%00%(upstream:short)%00%(objectname)%00%(upstream:track)%00%(upstream:remotename)%00%(upstream:remoteref) refs/heads/main refs/remotes/main [1ms]
2025-02-05 10:22:47.508 [info] > git status -z -uall [4ms]
2025-02-05 10:22:47.508 [info] > git for-each-ref --sort -committerdate --format %(refname) %(objectname) %(*objectname) [1ms]
2025-02-05 10:22:52.515 [info] > git config --get commit.template [1ms]
2025-02-05 10:22:52.519 [info] > git for-each-ref --format=%(refname)%00%(upstream:short)%00%(objectname)%00%(upstream:track)%00%(upstream:remotename)%00%(upstream:remoteref) refs/heads/main refs/remotes/main [0ms]
2025-02-05 10:22:52.527 [info] > git status -z -uall [4ms]
2025-02-05 10:22:52.527 [info] > git for-each-ref --sort -committerdate --format %(refname) %(objectname) %(*objectname) [0ms]
2025-02-05 10:26:36.275 [info] > git for-each-ref --format=%(refname)%00%(upstream:short)%00%(objectname)%00%(upstream:track)%00%(upstream:remotename)%00%(upstream:remoteref) refs/heads/main refs/remotes/main [1ms]
2025-02-05 10:26:36.275 [info] > git config --get commit.template [5ms]
2025-02-05 10:26:36.287 [info] > git status -z -uall [7ms]
2025-02-05 10:26:36.288 [info] > git for-each-ref --sort -committerdate --format %(refname) %(objectname) %(*objectname) [0ms]
2025-02-05 10:28:34.556 [info] > git config --get commit.template [1ms]
2025-02-05 10:28:34.566 [info] > git for-each-ref --format=%(refname)%00%(upstream:short)%00%(objectname)%00%(upstream:track)%00%(upstream:remotename)%00%(upstream:remoteref) refs/heads/main refs/remotes/main [1ms]
2025-02-05 10:28:34.585 [info] > git status -z -uall [2ms]
2025-02-05 10:28:34.585 [info] > git for-each-ref --sort -committerdate --format %(refname) %(objectname) %(*objectname) [0ms]
2025-02-05 10:28:39.596 [info] > git config --get commit.template [5ms]
2025-02-05 10:28:39.597 [info] > git for-each-ref --format=%(refname)%00%(upstream:short)%00%(objectname)%00%(upstream:track)%00%(upstream:remotename)%00%(upstream:remoteref) refs/heads/main refs/remotes/main [1ms]
2025-02-05 10:28:39.610 [info] > git status -z -uall [6ms]
2025-02-05 10:28:39.610 [info] > git for-each-ref --sort -committerdate --format %(refname) %(objectname) %(*objectname) [1ms]
2025-02-05 10:28:57.848 [info] > git config --get commit.template [4ms]
2025-02-05 10:28:57.851 [info] > git for-each-ref --format=%(refname)%00%(upstream:short)%00%(objectname)%00%(upstream:track)%00%(upstream:remotename)%00%(upstream:remoteref) refs/heads/main refs/remotes/main [4ms]
2025-02-05 10:28:57.860 [info] > git status -z -uall [5ms]
2025-02-05 10:28:57.860 [info] > git for-each-ref --sort -committerdate --format %(refname) %(objectname) %(*objectname) [1ms]
2025-02-05 10:29:14.859 [info] > git config --get commit.template [4ms]
2025-02-05 10:29:14.859 [info] > git for-each-ref --format=%(refname)%00%(upstream:short)%00%(objectname)%00%(upstream:track)%00%(upstream:remotename)%00%(upstream:remoteref) refs/heads/main refs/remotes/main [0ms]
2025-02-05 10:29:14.867 [info] > git status -z -uall [4ms]
2025-02-05 10:29:14.867 [info] > git for-each-ref --sort -committerdate --format %(refname) %(objectname) %(*objectname) [0ms]
2025-02-05 10:31:52.066 [info] > git show --textconv :Go/static/index.html [5ms]
2025-02-05 10:31:52.067 [info] > git ls-files --stage -- /home/alex/Code/Backend/Go/static/index.html [2ms]
2025-02-05 10:31:52.978 [info] > git show --textconv :Go/main.go [1ms]
2025-02-05 10:31:52.994 [info] > git ls-files --stage -- /home/alex/Code/Backend/Go/main.go [1ms]
2025-02-05 10:31:53.001 [info] > git cat-file -s 55c487e6e24e1ab352192bda8d4b0460bed0fa6f [1ms]
2025-02-05 10:31:54.949 [info] > git show --textconv :Go/Examples/httpserver.go [5ms]
2025-02-05 10:31:54.949 [info] > git ls-files --stage -- /home/alex/Code/Backend/Go/Examples/httpserver.go [1ms]
2025-02-05 10:31:56.834 [info] > git show --textconv :Go/main.go [9ms]
2025-02-05 10:31:56.835 [info] > git ls-files --stage -- /home/alex/Code/Backend/Go/main.go [5ms]
2025-02-05 10:31:56.841 [info] > git cat-file -s 55c487e6e24e1ab352192bda8d4b0460bed0fa6f [3ms]
2025-02-05 10:31:57.648 [info] > git show --textconv :docker-compose.yml [5ms]
2025-02-05 10:31:57.648 [info] > git ls-files --stage -- /home/alex/Code/Backend/docker-compose.yml [1ms]
2025-02-05 10:31:57.652 [info] > git cat-file -s 07f0d0e65ba1d178374f1997a82d8da88aec1953 [0ms]
2025-02-05 10:31:57.658 [info] > git blame --root --incremental e840a7ffb25d83edd718abc31188acc6ece8f993 -- /home/alex/Code/Backend/docker-compose.yml [1ms]
2025-02-05 10:32:00.211 [info] > git config --get commit.template [4ms]
2025-02-05 10:32:00.212 [info] > git for-each-ref --format=%(refname)%00%(upstream:short)%00%(objectname)%00%(upstream:track)%00%(upstream:remotename)%00%(upstream:remoteref) refs/heads/main refs/remotes/main [1ms]
2025-02-05 10:32:00.219 [info] > git status -z -uall [4ms]
2025-02-05 10:32:00.219 [info] > git for-each-ref --sort -committerdate --format %(refname) %(objectname) %(*objectname) [0ms]
2025-02-05 10:32:14.832 [info] > git config --get commit.template [0ms]
2025-02-05 10:32:14.837 [info] > git for-each-ref --format=%(refname)%00%(upstream:short)%00%(objectname)%00%(upstream:track)%00%(upstream:remotename)%00%(upstream:remoteref) refs/heads/main refs/remotes/main [1ms]
2025-02-05 10:32:14.846 [info] > git status -z -uall [5ms]
2025-02-05 10:32:14.847 [info] > git for-each-ref --sort -committerdate --format %(refname) %(objectname) %(*objectname) [2ms]
2025-02-05 10:32:20.749 [info] > git config --get commit.template [4ms]
2025-02-05 10:32:20.749 [info] > git for-each-ref --format=%(refname)%00%(upstream:short)%00%(objectname)%00%(upstream:track)%00%(upstream:remotename)%00%(upstream:remoteref) refs/heads/main refs/remotes/main [1ms]
2025-02-05 10:32:20.758 [info] > git status -z -uall [4ms]
2025-02-05 10:32:20.758 [info] > git for-each-ref --sort -committerdate --format %(refname) %(objectname) %(*objectname) [1ms]
2025-02-05 10:32:32.703 [info] > git config --get commit.template [1ms]
2025-02-05 10:32:32.707 [info] > git for-each-ref --format=%(refname)%00%(upstream:short)%00%(objectname)%00%(upstream:track)%00%(upstream:remotename)%00%(upstream:remoteref) refs/heads/main refs/remotes/main [0ms]
2025-02-05 10:32:32.715 [info] > git status -z -uall [4ms]
2025-02-05 10:32:32.716 [info] > git for-each-ref --sort -committerdate --format %(refname) %(objectname) %(*objectname) [2ms]
2025-02-05 10:32:40.025 [info] > git config --get commit.template [3ms]
2025-02-05 10:32:40.026 [info] > git for-each-ref --format=%(refname)%00%(upstream:short)%00%(objectname)%00%(upstream:track)%00%(upstream:remotename)%00%(upstream:remoteref) refs/heads/main refs/remotes/main [1ms]
2025-02-05 10:32:40.033 [info] > git status -z -uall [4ms]
2025-02-05 10:32:40.033 [info] > git for-each-ref --sort -committerdate --format %(refname) %(objectname) %(*objectname) [0ms]
2025-02-05 10:32:56.626 [info] > git show --textconv :Docker/Dockerfile [6ms]
2025-02-05 10:32:56.626 [info] > git ls-files --stage -- /home/alex/Code/Backend/Docker/Dockerfile [1ms]
2025-02-05 10:32:56.632 [info] > git cat-file -s 22b3011643e7427d0e48f5c966607157b6839d8c [0ms]
2025-02-05 10:32:56.639 [info] > git blame --root --incremental e840a7ffb25d83edd718abc31188acc6ece8f993 -- /home/alex/Code/Backend/Docker/Dockerfile [0ms]
2025-02-05 10:32:59.799 [info] > git config --get commit.template [0ms]
2025-02-05 10:32:59.804 [info] > git for-each-ref --format=%(refname)%00%(upstream:short)%00%(objectname)%00%(upstream:track)%00%(upstream:remotename)%00%(upstream:remoteref) refs/heads/main refs/remotes/main [0ms]
2025-02-05 10:32:59.812 [info] > git status -z -uall [4ms]
2025-02-05 10:32:59.812 [info] > git for-each-ref --sort -committerdate --format %(refname) %(objectname) %(*objectname) [0ms]
2025-02-05 10:33:11.161 [info] > git config --get commit.template [4ms]
2025-02-05 10:33:11.161 [info] > git for-each-ref --format=%(refname)%00%(upstream:short)%00%(objectname)%00%(upstream:track)%00%(upstream:remotename)%00%(upstream:remoteref) refs/heads/main refs/remotes/main [1ms]
2025-02-05 10:33:11.171 [info] > git status -z -uall [4ms]
2025-02-05 10:33:11.172 [info] > git for-each-ref --sort -committerdate --format %(refname) %(objectname) %(*objectname) [1ms]
2025-02-05 10:34:14.404 [info] > git show --textconv :docker-compose.yml [7ms]
2025-02-05 10:34:14.406 [info] > git ls-files --stage -- /home/alex/Code/Backend/docker-compose.yml [2ms]
2025-02-05 10:34:14.411 [info] > git cat-file -s 07f0d0e65ba1d178374f1997a82d8da88aec1953 [0ms]
2025-02-05 10:35:27.154 [info] > git check-ignore -v -z --stdin [1ms]
2025-02-05 10:35:49.121 [info] > git check-ignore -v -z --stdin [1ms]
2025-02-05 10:36:01.607 [info] > git check-ignore -v -z --stdin [1ms]
2025-02-05 10:36:15.802 [info] > git config --get commit.template [1ms]
2025-02-05 10:36:15.809 [info] > git for-each-ref --format=%(refname)%00%(upstream:short)%00%(objectname)%00%(upstream:track)%00%(upstream:remotename)%00%(upstream:remoteref) refs/heads/main refs/remotes/main [0ms]
2025-02-05 10:36:15.819 [info] > git status -z -uall [4ms]
2025-02-05 10:36:15.820 [info] > git for-each-ref --sort -committerdate --format %(refname) %(objectname) %(*objectname) [1ms]
2025-02-05 10:36:17.322 [info] > git show --textconv :Docker/Dockerfile [5ms]
2025-02-05 10:36:17.323 [info] > git ls-files --stage -- /home/alex/Code/Backend/Docker/Dockerfile [1ms]
2025-02-05 10:36:17.328 [info] > git cat-file -s 22b3011643e7427d0e48f5c966607157b6839d8c [0ms]
2025-02-05 10:36:18.424 [info] > git show --textconv :Go/main.go [4ms]
2025-02-05 10:36:18.425 [info] > git ls-files --stage -- /home/alex/Code/Backend/Go/main.go [1ms]
2025-02-05 10:36:18.433 [info] > git cat-file -s 55c487e6e24e1ab352192bda8d4b0460bed0fa6f [1ms]
2025-02-05 10:36:20.166 [info] > git show --textconv :Dockerfile [4ms]
2025-02-05 10:36:20.168 [info] > git ls-files --stage -- /home/alex/Code/Backend/Dockerfile [2ms]
2025-02-05 10:36:20.177 [info] > git blame --root --incremental e840a7ffb25d83edd718abc31188acc6ece8f993 -- /home/alex/Code/Backend/Dockerfile [1ms]
2025-02-05 10:36:20.177 [info] fatal: no such path Dockerfile in e840a7ffb25d83edd718abc31188acc6ece8f993
2025-02-05 10:36:20.828 [info] > git config --get commit.template [1ms]
2025-02-05 10:36:20.833 [info] > git for-each-ref --format=%(refname)%00%(upstream:short)%00%(objectname)%00%(upstream:track)%00%(upstream:remotename)%00%(upstream:remoteref) refs/heads/main refs/remotes/main [1ms]
2025-02-05 10:36:20.844 [info] > git status -z -uall [5ms]
2025-02-05 10:36:20.845 [info] > git for-each-ref --sort -committerdate --format %(refname) %(objectname) %(*objectname) [2ms]
2025-02-05 10:36:31.633 [info] > git config --get commit.template [6ms]
2025-02-05 10:36:31.642 [info] > git for-each-ref --format=%(refname)%00%(upstream:short)%00%(objectname)%00%(upstream:track)%00%(upstream:remotename)%00%(upstream:remoteref) refs/heads/main refs/remotes/main [3ms]
2025-02-05 10:36:31.665 [info] > git status -z -uall [9ms]
2025-02-05 10:36:31.665 [info] > git for-each-ref --sort -committerdate --format %(refname) %(objectname) %(*objectname) [1ms]
2025-02-05 10:36:36.745 [info] > git for-each-ref --format=%(refname)%00%(upstream:short)%00%(objectname)%00%(upstream:track)%00%(upstream:remotename)%00%(upstream:remoteref) refs/heads/main refs/remotes/main [1ms]
2025-02-05 10:36:36.745 [info] > git config --get commit.template [7ms]
2025-02-05 10:36:36.759 [info] > git status -z -uall [7ms]
2025-02-05 10:36:36.760 [info] > git for-each-ref --sort -committerdate --format %(refname) %(objectname) %(*objectname) [2ms]
2025-02-05 10:36:38.520 [info] > git show --textconv :docker-compose.yml [4ms]
2025-02-05 10:36:38.521 [info] > git ls-files --stage -- /home/alex/Code/Backend/docker-compose.yml [2ms]
2025-02-05 10:36:38.529 [info] > git cat-file -s 07f0d0e65ba1d178374f1997a82d8da88aec1953 [2ms]
2025-02-05 10:39:24.048 [info] > git config --get commit.template [1ms]
2025-02-05 10:39:24.058 [info] > git for-each-ref --format=%(refname)%00%(upstream:short)%00%(objectname)%00%(upstream:track)%00%(upstream:remotename)%00%(upstream:remoteref) refs/heads/main refs/remotes/main [2ms]
2025-02-05 10:39:24.077 [info] > git status -z -uall [10ms]
2025-02-05 10:39:24.079 [info] > git for-each-ref --sort -committerdate --format %(refname) %(objectname) %(*objectname) [3ms]
2025-02-05 10:39:25.556 [info] > git show --textconv :Dockerfile [4ms]
2025-02-05 10:39:25.557 [info] > git ls-files --stage -- /home/alex/Code/Backend/Dockerfile [1ms]
2025-02-05 10:39:29.092 [info] > git config --get commit.template [4ms]
2025-02-05 10:39:29.093 [info] > git for-each-ref --format=%(refname)%00%(upstream:short)%00%(objectname)%00%(upstream:track)%00%(upstream:remotename)%00%(upstream:remoteref) refs/heads/main refs/remotes/main [1ms]
2025-02-05 10:39:29.107 [info] > git status -z -uall [8ms]
2025-02-05 10:39:29.107 [info] > git for-each-ref --sort -committerdate --format %(refname) %(objectname) %(*objectname) [2ms]
2025-02-05 10:39:36.851 [info] > git config --get commit.template [1ms]
2025-02-05 10:39:36.856 [info] > git for-each-ref --format=%(refname)%00%(upstream:short)%00%(objectname)%00%(upstream:track)%00%(upstream:remotename)%00%(upstream:remoteref) refs/heads/main refs/remotes/main [1ms]
2025-02-05 10:39:36.864 [info] > git status -z -uall [4ms]
2025-02-05 10:39:36.864 [info] > git for-each-ref --sort -committerdate --format %(refname) %(objectname) %(*objectname) [1ms]
2025-02-05 10:39:41.876 [info] > git config --get commit.template [4ms]
2025-02-05 10:39:41.876 [info] > git for-each-ref --format=%(refname)%00%(upstream:short)%00%(objectname)%00%(upstream:track)%00%(upstream:remotename)%00%(upstream:remoteref) refs/heads/main refs/remotes/main [1ms]
2025-02-05 10:39:41.885 [info] > git status -z -uall [5ms]
2025-02-05 10:39:41.887 [info] > git for-each-ref --sort -committerdate --format %(refname) %(objectname) %(*objectname) [3ms]
2025-02-05 10:39:47.860 [info] > git config --get commit.template [0ms]
2025-02-05 10:39:47.864 [info] > git for-each-ref --format=%(refname)%00%(upstream:short)%00%(objectname)%00%(upstream:track)%00%(upstream:remotename)%00%(upstream:remoteref) refs/heads/main refs/remotes/main [0ms]
2025-02-05 10:39:47.873 [info] > git status -z -uall [5ms]
2025-02-05 10:39:47.874 [info] > git for-each-ref --sort -committerdate --format %(refname) %(objectname) %(*objectname) [1ms]
2025-02-05 10:40:18.626 [info] > git check-ignore -v -z --stdin [1ms]
2025-02-05 10:40:18.859 [info] > git show --textconv :cmd/api/main.go [4ms]
2025-02-05 10:40:18.860 [info] > git ls-files --stage -- /home/alex/Code/Backend/cmd/api/main.go [1ms]
2025-02-05 10:40:24.340 [info] > git blame --root --incremental e840a7ffb25d83edd718abc31188acc6ece8f993 -- /home/alex/Code/Backend/cmd/api/main.go [1ms]
2025-02-05 10:40:24.340 [info] fatal: no such path cmd/api/main.go in e840a7ffb25d83edd718abc31188acc6ece8f993
2025-02-05 10:40:55.411 [info] > git config --get commit.template [4ms]
2025-02-05 10:40:55.411 [info] > git for-each-ref --format=%(refname)%00%(upstream:short)%00%(objectname)%00%(upstream:track)%00%(upstream:remotename)%00%(upstream:remoteref) refs/heads/main refs/remotes/main [0ms]
2025-02-05 10:40:55.419 [info] > git status -z -uall [4ms]
2025-02-05 10:40:55.419 [info] > git for-each-ref --sort -committerdate --format %(refname) %(objectname) %(*objectname) [0ms]
2025-02-05 10:45:39.260 [info] > git show --textconv :Dockerfile [5ms]
2025-02-05 10:45:39.260 [info] > git ls-files --stage -- /home/alex/Code/Backend/Dockerfile [1ms]
2025-02-05 10:45:47.109 [info] > git config --get commit.template [4ms]
2025-02-05 10:45:47.109 [info] > git for-each-ref --format=%(refname)%00%(upstream:short)%00%(objectname)%00%(upstream:track)%00%(upstream:remotename)%00%(upstream:remoteref) refs/heads/main refs/remotes/main [1ms]
2025-02-05 10:45:47.122 [info] > git status -z -uall [9ms]
2025-02-05 10:45:47.122 [info] > git for-each-ref --sort -committerdate --format %(refname) %(objectname) %(*objectname) [1ms]
2025-02-05 10:45:50.863 [info] > git show --textconv :docker-compose.yml [5ms]
2025-02-05 10:45:50.864 [info] > git ls-files --stage -- /home/alex/Code/Backend/docker-compose.yml [2ms]
2025-02-05 10:45:50.868 [info] > git cat-file -s 07f0d0e65ba1d178374f1997a82d8da88aec1953 [0ms]
2025-02-05 10:46:14.413 [info] > git config --get commit.template [1ms]
2025-02-05 10:46:14.419 [info] > git for-each-ref --format=%(refname)%00%(upstream:short)%00%(objectname)%00%(upstream:track)%00%(upstream:remotename)%00%(upstream:remoteref) refs/heads/main refs/remotes/main [1ms]
2025-02-05 10:46:14.427 [info] > git status -z -uall [4ms]
2025-02-05 10:46:14.427 [info] > git for-each-ref --sort -committerdate --format %(refname) %(objectname) %(*objectname) [0ms]
2025-02-05 10:46:38.749 [info] > git check-ignore -v -z --stdin [0ms]
2025-02-05 10:48:04.097 [info] > git config --get commit.template [4ms]
2025-02-05 10:48:04.103 [info] > git for-each-ref --format=%(refname)%00%(upstream:short)%00%(objectname)%00%(upstream:track)%00%(upstream:remotename)%00%(upstream:remoteref) refs/heads/main refs/remotes/main [0ms]
2025-02-05 10:48:04.117 [info] > git status -z -uall [7ms]
2025-02-05 10:48:04.118 [info] > git for-each-ref --sort -committerdate --format %(refname) %(objectname) %(*objectname) [2ms]
2025-02-05 10:48:04.433 [info] > git show --textconv :cmd/api/main.go [6ms]
2025-02-05 10:48:04.434 [info] > git ls-files --stage -- /home/alex/Code/Backend/cmd/api/main.go [1ms]
2025-02-05 10:48:05.517 [info] > git show --textconv :docker-compose.yml [1ms]
2025-02-05 10:48:05.525 [info] > git ls-files --stage -- /home/alex/Code/Backend/docker-compose.yml [2ms]
2025-02-05 10:48:05.530 [info] > git cat-file -s 07f0d0e65ba1d178374f1997a82d8da88aec1953 [1ms]
2025-02-05 10:48:06.031 [info] > git show --textconv :Dockerfile [6ms]
2025-02-05 10:48:06.031 [info] > git ls-files --stage -- /home/alex/Code/Backend/Dockerfile [1ms]
2025-02-05 10:48:09.129 [info] > git config --get commit.template [4ms]
2025-02-05 10:48:09.130 [info] > git for-each-ref --format=%(refname)%00%(upstream:short)%00%(objectname)%00%(upstream:track)%00%(upstream:remotename)%00%(upstream:remoteref) refs/heads/main refs/remotes/main [1ms]
2025-02-05 10:48:09.137 [info] > git status -z -uall [4ms]
2025-02-05 10:48:09.137 [info] > git for-each-ref --sort -committerdate --format %(refname) %(objectname) %(*objectname) [0ms]
2025-02-05 10:48:15.150 [info] > git config --get commit.template [1ms]
2025-02-05 10:48:15.155 [info] > git for-each-ref --format=%(refname)%00%(upstream:short)%00%(objectname)%00%(upstream:track)%00%(upstream:remotename)%00%(upstream:remoteref) refs/heads/main refs/remotes/main [1ms]
2025-02-05 10:48:15.163 [info] > git status -z -uall [4ms]
2025-02-05 10:48:15.163 [info] > git for-each-ref --sort -committerdate --format %(refname) %(objectname) %(*objectname) [0ms]
2025-02-05 10:48:30.573 [info] > git config --get commit.template [5ms]
2025-02-05 10:48:30.574 [info] > git for-each-ref --format=%(refname)%00%(upstream:short)%00%(objectname)%00%(upstream:track)%00%(upstream:remotename)%00%(upstream:remoteref) refs/heads/main refs/remotes/main [1ms]
2025-02-05 10:48:30.583 [info] > git status -z -uall [5ms]
2025-02-05 10:48:30.583 [info] > git for-each-ref --sort -committerdate --format %(refname) %(objectname) %(*objectname) [1ms]
2025-02-05 10:48:33.143 [info] > git show --textconv :docker-compose.yml [5ms]
2025-02-05 10:48:33.143 [info] > git ls-files --stage -- /home/alex/Code/Backend/docker-compose.yml [1ms]
2025-02-05 10:48:33.148 [info] > git cat-file -s 07f0d0e65ba1d178374f1997a82d8da88aec1953 [1ms]
2025-02-05 10:48:43.905 [info] > git config --get commit.template [5ms]
2025-02-05 10:48:43.905 [info] > git for-each-ref --format=%(refname)%00%(upstream:short)%00%(objectname)%00%(upstream:track)%00%(upstream:remotename)%00%(upstream:remoteref) refs/heads/main refs/remotes/main [0ms]
2025-02-05 10:48:43.913 [info] > git status -z -uall [4ms]
2025-02-05 10:48:43.914 [info] > git for-each-ref --sort -committerdate --format %(refname) %(objectname) %(*objectname) [1ms]
2025-02-05 10:50:31.221 [info] > git show --textconv :README.md [2ms]
2025-02-05 10:50:31.222 [info] > git ls-files --stage -- /home/alex/Code/Backend/README.md [1ms]
2025-02-05 10:50:31.224 [info] > git cat-file -s 27ac3c269cbffefe097dfc9e8bcb51f49977533e [1ms]
2025-02-05 10:50:31.600 [info] > git blame --root --incremental e840a7ffb25d83edd718abc31188acc6ece8f993 -- /home/alex/Code/Backend/README.md [2ms]
2025-02-05 10:52:06.978 [info] > git config --get commit.template [7ms]
2025-02-05 10:52:06.979 [info] > git for-each-ref --format=%(refname)%00%(upstream:short)%00%(objectname)%00%(upstream:track)%00%(upstream:remotename)%00%(upstream:remoteref) refs/heads/main refs/remotes/main [1ms]
2025-02-05 10:52:06.991 [info] > git status -z -uall [7ms]
2025-02-05 10:52:06.991 [info] > git for-each-ref --sort -committerdate --format %(refname) %(objectname) %(*objectname) [1ms]
2025-02-05 10:52:37.247 [info] > git config --get commit.template [6ms]
2025-02-05 10:52:37.248 [info] > git for-each-ref --format=%(refname)%00%(upstream:short)%00%(objectname)%00%(upstream:track)%00%(upstream:remotename)%00%(upstream:remoteref) refs/heads/main refs/remotes/main [2ms]
2025-02-05 10:52:37.255 [info] > git status -z -uall [4ms]
2025-02-05 10:52:37.256 [info] > git for-each-ref --sort -committerdate --format %(refname) %(objectname) %(*objectname) [1ms]
2025-02-05 22:32:11.572 [info] > git check-ignore -v -z --stdin [0ms]
2025-02-05 22:32:38.546 [info] > git check-ignore -v -z --stdin [0ms]
