2025-02-07 15:08:17.849 [warning] Via 'product.json#extensionEnabledApiProposals' extension 'ms-vscode.vscode-selfhost-test-provider' wants API proposal 'attributableCoverage' but that proposal DOES NOT EXIST. Likely, the proposal has been finalized (check 'vscode.d.ts') or was abandoned.
2025-02-07 15:08:17.849 [warning] Via 'product.json#extensionEnabledApiProposals' extension 'ms-python.python' wants API proposal 'contribIssueReporter' but that proposal DOES NOT EXIST. Likely, the proposal has been finalized (check 'vscode.d.ts') or was abandoned.
2025-02-07 15:08:17.849 [warning] Via 'product.json#extensionEnabledApiProposals' extension 'ms-python.debugpy' wants API proposal 'contribIssueReporter' but that proposal DOES NOT EXIST. Likely, the proposal has been finalized (check 'vscode.d.ts') or was abandoned.
2025-02-07 15:08:17.972 [info] Started local extension host with pid 109936.
2025-02-07 15:08:18.097 [error] [ms-python.python]: Menu item references a command `python.launchTensorBoard` which is not defined in the 'commands' section.
2025-02-07 15:08:18.097 [error] [ms-python.python]: Menu item references a command `python.refreshTensorBoard` which is not defined in the 'commands' section.
2025-02-07 15:08:18.097 [error] [ms-python.python]: Menu item references a command `python.refreshTensorBoard` which is not defined in the 'commands' section.
2025-02-07 15:08:20.422 [error] [network] #1: https://open-vsx.org/vscode/gallery/extensionquery - error POST Failed to fetch
2025-02-07 15:08:20.563 [info] [perf] Render performance baseline is 30ms
2025-02-07 15:08:23.226 [error] Timed out waiting for authentication provider to register
2025-02-07 15:09:05.957 [warning] Via 'product.json#extensionEnabledApiProposals' extension 'ms-vscode.vscode-selfhost-test-provider' wants API proposal 'attributableCoverage' but that proposal DOES NOT EXIST. Likely, the proposal has been finalized (check 'vscode.d.ts') or was abandoned.
2025-02-07 15:09:05.957 [warning] Via 'product.json#extensionEnabledApiProposals' extension 'ms-python.python' wants API proposal 'contribIssueReporter' but that proposal DOES NOT EXIST. Likely, the proposal has been finalized (check 'vscode.d.ts') or was abandoned.
2025-02-07 15:09:05.957 [warning] Via 'product.json#extensionEnabledApiProposals' extension 'ms-python.debugpy' wants API proposal 'contribIssueReporter' but that proposal DOES NOT EXIST. Likely, the proposal has been finalized (check 'vscode.d.ts') or was abandoned.
2025-02-07 15:09:06.080 [info] Started local extension host with pid 110264.
2025-02-07 15:09:06.185 [error] [ms-python.python]: Menu item references a command `python.launchTensorBoard` which is not defined in the 'commands' section.
2025-02-07 15:09:06.186 [error] [ms-python.python]: Menu item references a command `python.refreshTensorBoard` which is not defined in the 'commands' section.
2025-02-07 15:09:06.186 [error] [ms-python.python]: Menu item references a command `python.refreshTensorBoard` which is not defined in the 'commands' section.
2025-02-07 15:09:06.275 [warning] No search provider registered for scheme: file, waiting
2025-02-07 15:09:08.514 [error] [network] #1: https://open-vsx.org/vscode/gallery/extensionquery - error POST Failed to fetch
2025-02-07 15:09:08.645 [info] [perf] Render performance baseline is 17ms
2025-02-07 15:09:11.321 [error] Timed out waiting for authentication provider to register
