2025-02-07 15:08:17.922 [info] Added views:outline in workbench.view.explorer
2025-02-07 15:08:17.922 [info] Added views:workbench.view.search in workbench.view.search
2025-02-07 15:08:17.922 [info] Added views:workbench.scm in workbench.view.scm
2025-02-07 15:08:17.922 [info] Added views:workbench.panel.markers.view in workbench.panel.markers
2025-02-07 15:08:17.922 [info] Added views:workbench.panel.output in workbench.panel.output
2025-02-07 15:08:17.922 [info] Added views:terminal in terminal
2025-02-07 15:08:17.922 [info] Added views:timeline in workbench.view.explorer
2025-02-07 15:08:17.922 [info] Added views:workbench.explorer.emptyView in workbench.view.explorer
2025-02-07 15:08:17.971 [info] Added views:workbench.debug.variablesView,workbench.debug.watchExpressionsView,workbench.debug.callStackView,workbench.debug.breakPointsView in workbench.view.debug
2025-02-07 15:08:18.111 [info] Added views:dockerContainers,dockerImages,dockerRegistries,dockerNetworks,dockerVolumes,vscode-docker.views.dockerContexts,vscode-docker.views.help in workbench.view.extension.dockerView
2025-02-07 15:08:18.133 [info] Added views:~remote.forwardedPorts in ~remote.forwardedPortsContainer
2025-02-07 15:08:18.233 [info] Added views:workbench.panel.repl.view in workbench.panel.repl
2025-02-07 15:08:18.233 [info] Removed views:workbench.debug.breakPointsView,workbench.debug.callStackView,workbench.debug.watchExpressionsView,workbench.debug.variablesView from workbench.view.debug
2025-02-07 15:08:18.233 [info] Added views:workbench.debug.welcome in workbench.view.debug
2025-02-07 15:09:06.013 [info] Added views:outline in workbench.view.explorer
2025-02-07 15:09:06.013 [info] Added views:workbench.view.search in workbench.view.search
2025-02-07 15:09:06.013 [info] Added views:workbench.scm in workbench.view.scm
2025-02-07 15:09:06.013 [info] Added views:workbench.panel.markers.view in workbench.panel.markers
2025-02-07 15:09:06.013 [info] Added views:workbench.panel.output in workbench.panel.output
2025-02-07 15:09:06.013 [info] Added views:terminal in terminal
2025-02-07 15:09:06.013 [info] Added views:timeline in workbench.view.explorer
2025-02-07 15:09:06.013 [info] Added views:workbench.explorer.fileView in workbench.view.explorer
2025-02-07 15:09:06.143 [info] Added views:workbench.debug.variablesView,workbench.debug.watchExpressionsView,workbench.debug.callStackView,workbench.debug.breakPointsView in workbench.view.debug
2025-02-07 15:09:06.196 [info] Added views:dockerContainers,dockerImages,dockerRegistries,dockerNetworks,dockerVolumes,vscode-docker.views.dockerContexts,vscode-docker.views.help in workbench.view.extension.dockerView
2025-02-07 15:09:06.213 [info] Added views:~remote.forwardedPorts in ~remote.forwardedPortsContainer
2025-02-07 15:09:06.345 [info] Added views:workbench.panel.repl.view in workbench.panel.repl
2025-02-07 15:09:06.345 [info] Removed views:workbench.debug.breakPointsView,workbench.debug.callStackView,workbench.debug.watchExpressionsView,workbench.debug.variablesView from workbench.view.debug
2025-02-07 15:09:06.345 [info] Added views:workbench.debug.welcome in workbench.view.debug
2025-02-07 15:09:14.903 [info] Added views:workbench.view.testing in workbench.view.extension.test
