2025-02-07 15:08:18.314 [info] [main] Log level: Info
2025-02-07 15:08:18.314 [info] [main] Validating found git in: "git"
2025-02-07 15:08:18.314 [info] [main] Using git "2.48.1" from "git"
2025-02-07 15:08:18.314 [info] [Model][doInitialScan] Initial repository scan started
2025-02-07 15:08:18.314 [info] [Model][doInitialScan] Initial repository scan completed - repositories (0), closed repositories (0), parent repositories (0), unsafe repositories (0)
2025-02-07 15:09:06.424 [info] [main] Log level: Info
2025-02-07 15:09:06.424 [info] [main] Validating found git in: "git"
2025-02-07 15:09:06.424 [info] [main] Using git "2.48.1" from "git"
2025-02-07 15:09:06.424 [info] [Model][doInitialScan] Initial repository scan started
2025-02-07 15:09:06.424 [info] > git rev-parse --show-toplevel [3ms]
2025-02-07 15:09:06.424 [info] fatal: not a git repository (or any parent up to mount point /)
Stopping at filesystem boundary (GIT_DISCOVERY_ACROSS_FILESYSTEM not set).
2025-02-07 15:09:06.429 [info] > git rev-parse --show-toplevel [0ms]
2025-02-07 15:09:06.429 [info] fatal: not a git repository (or any parent up to mount point /)
Stopping at filesystem boundary (GIT_DISCOVERY_ACROSS_FILESYSTEM not set).
2025-02-07 15:09:06.432 [info] > git rev-parse --show-toplevel [0ms]
2025-02-07 15:09:06.432 [info] fatal: not a git repository (or any parent up to mount point /)
Stopping at filesystem boundary (GIT_DISCOVERY_ACROSS_FILESYSTEM not set).
2025-02-07 15:09:06.435 [info] > git rev-parse --show-toplevel [1ms]
2025-02-07 15:09:06.435 [info] fatal: not a git repository (or any parent up to mount point /)
Stopping at filesystem boundary (GIT_DISCOVERY_ACROSS_FILESYSTEM not set).
2025-02-07 15:09:06.437 [info] > git rev-parse --show-toplevel [0ms]
2025-02-07 15:09:06.437 [info] fatal: not a git repository (or any parent up to mount point /)
Stopping at filesystem boundary (GIT_DISCOVERY_ACROSS_FILESYSTEM not set).
2025-02-07 15:09:06.440 [info] > git rev-parse --show-toplevel [1ms]
2025-02-07 15:09:06.440 [info] fatal: not a git repository (or any parent up to mount point /)
Stopping at filesystem boundary (GIT_DISCOVERY_ACROSS_FILESYSTEM not set).
2025-02-07 15:09:06.442 [info] > git rev-parse --show-toplevel [0ms]
2025-02-07 15:09:06.442 [info] fatal: not a git repository (or any parent up to mount point /)
Stopping at filesystem boundary (GIT_DISCOVERY_ACROSS_FILESYSTEM not set).
2025-02-07 15:09:06.445 [info] > git rev-parse --show-toplevel [1ms]
2025-02-07 15:09:06.445 [info] fatal: not a git repository (or any parent up to mount point /)
Stopping at filesystem boundary (GIT_DISCOVERY_ACROSS_FILESYSTEM not set).
2025-02-07 15:09:06.445 [info] [Model][doInitialScan] Initial repository scan completed - repositories (0), closed repositories (0), parent repositories (0), unsafe repositories (0)
2025-02-07 15:09:08.557 [info] > git rev-parse --show-toplevel [8ms]
2025-02-07 15:09:08.557 [info] fatal: not a git repository (or any parent up to mount point /)
Stopping at filesystem boundary (GIT_DISCOVERY_ACROSS_FILESYSTEM not set).
2025-02-07 15:09:14.700 [info] > git rev-parse --show-toplevel [1ms]
2025-02-07 15:09:14.700 [info] fatal: not a git repository (or any parent up to mount point /)
Stopping at filesystem boundary (GIT_DISCOVERY_ACROSS_FILESYSTEM not set).
2025-02-07 15:09:14.962 [info] > git rev-parse --show-toplevel [1ms]
2025-02-07 15:09:14.962 [info] fatal: not a git repository (or any parent up to mount point /)
Stopping at filesystem boundary (GIT_DISCOVERY_ACROSS_FILESYSTEM not set).
