2025-02-05 09:23:49.683 [info] [main] Log level: Info
2025-02-05 09:23:49.683 [info] [main] Validating found git in: "git"
2025-02-05 09:23:49.683 [info] [main] Using git "2.48.1" from "git"
2025-02-05 09:23:49.683 [info] [Model][doInitialScan] Initial repository scan started
2025-02-05 09:23:49.683 [info] > git rev-parse --show-toplevel [2ms]
2025-02-05 09:23:49.683 [info] > git rev-parse --git-dir --git-common-dir [1ms]
2025-02-05 09:23:49.683 [info] [Model][openRepository] Opened repository: /home/alex/Code/Backend
2025-02-05 09:23:49.683 [info] > git rev-parse --show-toplevel [4ms]
2025-02-05 09:23:49.684 [info] > git config --get commit.template [5ms]
2025-02-05 09:23:49.691 [info] > git rev-parse --show-toplevel [4ms]
2025-02-05 09:23:49.693 [info] > git for-each-ref --format=%(refname)%00%(upstream:short)%00%(objectname)%00%(upstream:track)%00%(upstream:remotename)%00%(upstream:remoteref) refs/heads/main refs/remotes/main [3ms]
2025-02-05 09:23:49.696 [warning] [Git][revParse] Unable to read file: ENOENT: no such file or directory, open '/home/alex/Code/Backend/.git/refs/remotes/origin/main'
2025-02-05 09:23:49.696 [info] > git rev-parse --show-toplevel [3ms]
2025-02-05 09:23:49.697 [info] [Model][doInitialScan] Initial repository scan completed - repositories (1), closed repositories (0), parent repositories (0), unsafe repositories (0)
2025-02-05 09:23:49.697 [info] > git rev-parse refs/remotes/origin/main [1ms]
2025-02-05 09:23:49.703 [info] > git status -z -uall [3ms]
2025-02-05 09:23:49.704 [info] > git for-each-ref --sort -committerdate --format %(refname) %(objectname) %(*objectname) [1ms]
2025-02-05 09:23:49.712 [info] > git for-each-ref --format=%(refname)%00%(upstream:short)%00%(objectname)%00%(upstream:track)%00%(upstream:remotename)%00%(upstream:remoteref) refs/heads/main refs/remotes/main [4ms]
2025-02-05 09:23:49.715 [info] > git config --local branch.main.vscode-merge-base [0ms]
2025-02-05 09:23:49.719 [info] > git config --get commit.template [6ms]
2025-02-05 09:23:49.732 [info] > git for-each-ref --format=%(refname)%00%(upstream:short)%00%(objectname)%00%(upstream:track)%00%(upstream:remotename)%00%(upstream:remoteref) refs/heads/origin/main refs/remotes/origin/main [14ms]
2025-02-05 09:23:49.742 [info] > git merge-base refs/heads/main refs/remotes/origin/main [8ms]
2025-02-05 09:23:49.744 [info] > git for-each-ref --format=%(refname)%00%(upstream:short)%00%(objectname)%00%(upstream:track)%00%(upstream:remotename)%00%(upstream:remoteref) refs/heads/main refs/remotes/main [2ms]
2025-02-05 09:23:49.747 [warning] [Git][revParse] Unable to read file: ENOENT: no such file or directory, open '/home/alex/Code/Backend/.git/refs/remotes/origin/main'
2025-02-05 09:23:49.747 [info] > git diff --name-status -z --diff-filter=ADMR 86608b3f422fd45be65cbd04321c6406c3511be1...refs/remotes/origin/main [3ms]
2025-02-05 09:23:49.748 [info] > git rev-parse refs/remotes/origin/main [1ms]
2025-02-05 09:23:49.752 [info] > git status -z -uall [2ms]
2025-02-05 09:23:49.752 [info] > git for-each-ref --sort -committerdate --format %(refname) %(objectname) %(*objectname) [0ms]
2025-02-05 09:23:49.992 [info] > git show --textconv :Docker/Dockerfile [8ms]
2025-02-05 09:23:49.992 [info] > git ls-files --stage -- /home/alex/Code/Backend/Docker/Dockerfile [1ms]
2025-02-05 09:23:50.190 [info] > git check-ignore -v -z --stdin [1ms]
2025-02-05 09:24:35.504 [info] > git show --textconv :.dockerignore [7ms]
2025-02-05 09:24:35.505 [info] > git ls-files --stage -- /home/alex/Code/Backend/.dockerignore [2ms]
2025-02-05 09:24:35.935 [info] > git show --textconv :Docker/Dockerfile [9ms]
2025-02-05 09:24:35.936 [info] > git ls-files --stage -- /home/alex/Code/Backend/Docker/Dockerfile [2ms]
2025-02-05 09:24:40.871 [info] > git check-ignore -v -z --stdin [1ms]
2025-02-05 09:24:41.426 [info] > git show --textconv :Go/main.go [2ms]
2025-02-05 09:24:41.426 [info] > git ls-files --stage -- /home/alex/Code/Backend/Go/main.go [0ms]
2025-02-05 09:24:41.458 [info] > git config --get commit.template [3ms]
2025-02-05 09:24:41.467 [info] > git for-each-ref --format=%(refname)%00%(upstream:short)%00%(objectname)%00%(upstream:track)%00%(upstream:remotename)%00%(upstream:remoteref) refs/heads/main refs/remotes/main [2ms]
2025-02-05 09:24:41.470 [warning] [Git][revParse] Unable to read file: ENOENT: no such file or directory, open '/home/alex/Code/Backend/.git/refs/remotes/origin/main'
2025-02-05 09:24:41.471 [info] > git rev-parse refs/remotes/origin/main [1ms]
2025-02-05 09:24:41.475 [info] > git status -z -uall [2ms]
2025-02-05 09:24:41.475 [info] > git for-each-ref --sort -committerdate --format %(refname) %(objectname) %(*objectname) [1ms]
2025-02-05 09:25:15.467 [info] > git check-ignore -v -z --stdin [1ms]
2025-02-05 09:25:21.535 [info] > git config --get commit.template [3ms]
2025-02-05 09:25:21.542 [info] > git for-each-ref --format=%(refname)%00%(upstream:short)%00%(objectname)%00%(upstream:track)%00%(upstream:remotename)%00%(upstream:remoteref) refs/heads/main refs/remotes/main [0ms]
2025-02-05 09:25:21.546 [warning] [Git][revParse] Unable to read file: ENOENT: no such file or directory, open '/home/alex/Code/Backend/.git/refs/remotes/origin/main'
2025-02-05 09:25:21.546 [info] > git rev-parse refs/remotes/origin/main [0ms]
2025-02-05 09:25:21.554 [info] > git status -z -uall [4ms]
2025-02-05 09:25:21.554 [info] > git for-each-ref --sort -committerdate --format %(refname) %(objectname) %(*objectname) [1ms]
2025-02-05 09:25:23.926 [info] > git blame --root --incremental 86608b3f422fd45be65cbd04321c6406c3511be1 -- /home/alex/Code/Backend/Go/main.go [0ms]
2025-02-05 09:25:23.926 [info] fatal: no such path Go/main.go in 86608b3f422fd45be65cbd04321c6406c3511be1
2025-02-05 09:26:02.219 [info] > git config --get commit.template [1ms]
2025-02-05 09:26:02.224 [info] > git for-each-ref --format=%(refname)%00%(upstream:short)%00%(objectname)%00%(upstream:track)%00%(upstream:remotename)%00%(upstream:remoteref) refs/heads/main refs/remotes/main [1ms]
2025-02-05 09:26:02.227 [warning] [Git][revParse] Unable to read file: ENOENT: no such file or directory, open '/home/alex/Code/Backend/.git/refs/remotes/origin/main'
2025-02-05 09:26:02.228 [info] > git rev-parse refs/remotes/origin/main [1ms]
2025-02-05 09:26:02.239 [info] > git status -z -uall [7ms]
2025-02-05 09:26:02.239 [info] > git for-each-ref --sort -committerdate --format %(refname) %(objectname) %(*objectname) [2ms]
2025-02-05 09:26:02.321 [info] > git ls-files --stage -- /home/alex/Code/Backend/Go/main.go [1ms]
2025-02-05 09:26:02.325 [info] > git show --textconv :Go/main.go [0ms]
2025-02-05 09:27:33.760 [info] > git check-ignore -v -z --stdin [1ms]
2025-02-05 09:27:42.805 [info] > git config --get commit.template [1ms]
2025-02-05 09:27:42.816 [info] > git for-each-ref --format=%(refname)%00%(upstream:short)%00%(objectname)%00%(upstream:track)%00%(upstream:remotename)%00%(upstream:remoteref) refs/heads/main refs/remotes/main [2ms]
2025-02-05 09:27:42.823 [warning] [Git][revParse] Unable to read file: ENOENT: no such file or directory, open '/home/alex/Code/Backend/.git/refs/remotes/origin/main'
2025-02-05 09:27:42.823 [info] > git rev-parse refs/remotes/origin/main [1ms]
2025-02-05 09:27:42.839 [info] > git status -z -uall [10ms]
2025-02-05 09:27:42.839 [info] > git for-each-ref --sort -committerdate --format %(refname) %(objectname) %(*objectname) [4ms]
2025-02-05 09:27:47.850 [info] > git config --get commit.template [1ms]
2025-02-05 09:27:47.855 [info] > git for-each-ref --format=%(refname)%00%(upstream:short)%00%(objectname)%00%(upstream:track)%00%(upstream:remotename)%00%(upstream:remoteref) refs/heads/main refs/remotes/main [1ms]
2025-02-05 09:27:47.858 [warning] [Git][revParse] Unable to read file: ENOENT: no such file or directory, open '/home/alex/Code/Backend/.git/refs/remotes/origin/main'
2025-02-05 09:27:47.859 [info] > git rev-parse refs/remotes/origin/main [1ms]
2025-02-05 09:27:47.866 [info] > git status -z -uall [4ms]
2025-02-05 09:27:47.867 [info] > git for-each-ref --sort -committerdate --format %(refname) %(objectname) %(*objectname) [1ms]
2025-02-05 09:28:03.541 [info] > git show --textconv :.dockerignore [6ms]
2025-02-05 09:28:03.542 [info] > git ls-files --stage -- /home/alex/Code/Backend/.dockerignore [2ms]
2025-02-05 09:29:13.365 [info] > git check-ignore -v -z --stdin [0ms]
2025-02-05 09:29:31.295 [info] > git config --get commit.template [4ms]
2025-02-05 09:29:31.308 [info] > git ls-files --stage -- /home/alex/Code/Backend/.dockerignore [6ms]
2025-02-05 09:29:31.312 [info] > git for-each-ref --format=%(refname)%00%(upstream:short)%00%(objectname)%00%(upstream:track)%00%(upstream:remotename)%00%(upstream:remoteref) refs/heads/main refs/remotes/main [4ms]
2025-02-05 09:29:31.313 [info] > git cat-file -s 7347a7fbb90355ed5ce1245dc2a0f25eacd4300f [1ms]
2025-02-05 09:29:31.326 [info] > git show --textconv :.dockerignore [8ms]
2025-02-05 09:29:31.326 [info] > git status -z -uall [4ms]
2025-02-05 09:29:31.327 [info] > git for-each-ref --sort -committerdate --format %(refname) %(objectname) %(*objectname) [2ms]
2025-02-05 09:29:31.334 [info] > git merge-base refs/heads/main refs/remotes/origin/main [1ms]
2025-02-05 09:29:31.338 [info] > git diff --name-status -z --diff-filter=ADMR a0dd701b686da1887d1adb350de86d1d74d1d97d...refs/remotes/origin/main [1ms]
2025-02-05 09:30:24.804 [info] > git config --get commit.template [4ms]
2025-02-05 09:30:24.805 [info] > git for-each-ref --format=%(refname)%00%(upstream:short)%00%(objectname)%00%(upstream:track)%00%(upstream:remotename)%00%(upstream:remoteref) refs/heads/main refs/remotes/main [2ms]
2025-02-05 09:30:24.816 [info] > git status -z -uall [5ms]
2025-02-05 09:30:24.817 [info] > git for-each-ref --sort -committerdate --format %(refname) %(objectname) %(*objectname) [2ms]
2025-02-05 09:31:09.987 [info] > git check-ignore -v -z --stdin [1ms]
2025-02-05 09:31:11.436 [info] > git config --get commit.template [14ms]
2025-02-05 09:31:11.447 [info] > git for-each-ref --format=%(refname)%00%(upstream:short)%00%(objectname)%00%(upstream:track)%00%(upstream:remotename)%00%(upstream:remoteref) refs/heads/main refs/remotes/main [1ms]
2025-02-05 09:31:11.455 [info] > git status -z -uall [4ms]
2025-02-05 09:31:11.455 [info] > git for-each-ref --sort -committerdate --format %(refname) %(objectname) %(*objectname) [1ms]
2025-02-05 09:31:24.286 [info] > git show --textconv :Dockerfile [1ms]
2025-02-05 09:31:24.292 [info] > git ls-files --stage -- /home/alex/Code/Backend/Dockerfile [1ms]
2025-02-05 09:31:24.299 [info] > git blame --root --incremental a0dd701b686da1887d1adb350de86d1d74d1d97d -- /home/alex/Code/Backend/Dockerfile [1ms]
2025-02-05 09:31:24.299 [info] fatal: no such path Dockerfile in a0dd701b686da1887d1adb350de86d1d74d1d97d
2025-02-05 09:31:25.914 [info] > git config --get commit.template [0ms]
2025-02-05 09:31:25.921 [info] > git for-each-ref --format=%(refname)%00%(upstream:short)%00%(objectname)%00%(upstream:track)%00%(upstream:remotename)%00%(upstream:remoteref) refs/heads/main refs/remotes/main [1ms]
2025-02-05 09:31:25.943 [info] > git status -z -uall [14ms]
2025-02-05 09:31:25.944 [info] > git for-each-ref --sort -committerdate --format %(refname) %(objectname) %(*objectname) [4ms]
2025-02-05 09:31:28.442 [info] > git show --textconv :.dockerignore [5ms]
2025-02-05 09:31:28.442 [info] > git ls-files --stage -- /home/alex/Code/Backend/.dockerignore [1ms]
2025-02-05 09:31:28.447 [info] > git cat-file -s 7347a7fbb90355ed5ce1245dc2a0f25eacd4300f [1ms]
2025-02-05 09:31:29.672 [info] > git show --textconv :Dockerfile [6ms]
2025-02-05 09:31:29.673 [info] > git ls-files --stage -- /home/alex/Code/Backend/Dockerfile [1ms]
2025-02-05 09:31:37.575 [info] > git config --get commit.template [5ms]
2025-02-05 09:31:37.576 [info] > git for-each-ref --format=%(refname)%00%(upstream:short)%00%(objectname)%00%(upstream:track)%00%(upstream:remotename)%00%(upstream:remoteref) refs/heads/main refs/remotes/main [1ms]
2025-02-05 09:31:37.584 [info] > git status -z -uall [5ms]
2025-02-05 09:31:37.585 [info] > git for-each-ref --sort -committerdate --format %(refname) %(objectname) %(*objectname) [1ms]
2025-02-05 09:31:38.873 [info] > git show --textconv :Go/main.go [5ms]
2025-02-05 09:31:38.874 [info] > git ls-files --stage -- /home/alex/Code/Backend/Go/main.go [1ms]
2025-02-05 09:31:38.878 [info] > git cat-file -s be371059b331066c70a9c500903fd82f5f060bcb [1ms]
2025-02-05 09:31:38.886 [info] > git blame --root --incremental a0dd701b686da1887d1adb350de86d1d74d1d97d -- /home/alex/Code/Backend/Go/main.go [1ms]
2025-02-05 09:31:40.188 [info] > git show --textconv :Docker/Dockerfile [5ms]
2025-02-05 09:31:40.189 [info] > git ls-files --stage -- /home/alex/Code/Backend/Docker/Dockerfile [2ms]
2025-02-05 09:31:40.193 [info] > git cat-file -s fcd97437fc8c2e50542f3697c986071bbd4341e6 [0ms]
2025-02-05 09:31:40.768 [info] > git show --textconv :Docker/docker-compose.debug.yml [7ms]
2025-02-05 09:31:40.768 [info] > git ls-files --stage -- /home/alex/Code/Backend/Docker/docker-compose.debug.yml [1ms]
2025-02-05 09:31:40.772 [info] > git cat-file -s 97413ea011151c52319d00bc824f62109b8c20f3 [0ms]
2025-02-05 09:31:42.272 [info] > git show --textconv :Go/main.go [6ms]
2025-02-05 09:31:42.273 [info] > git ls-files --stage -- /home/alex/Code/Backend/Go/main.go [2ms]
2025-02-05 09:31:42.278 [info] > git cat-file -s be371059b331066c70a9c500903fd82f5f060bcb [0ms]
2025-02-05 09:31:43.342 [info] > git show --textconv :docker-compose.yml [0ms]
2025-02-05 09:31:43.347 [info] > git ls-files --stage -- /home/alex/Code/Backend/docker-compose.yml [1ms]
2025-02-05 09:31:45.861 [info] > git blame --root --incremental a0dd701b686da1887d1adb350de86d1d74d1d97d -- /home/alex/Code/Backend/docker-compose.yml [1ms]
2025-02-05 09:31:45.861 [info] fatal: no such path docker-compose.yml in a0dd701b686da1887d1adb350de86d1d74d1d97d
2025-02-05 09:32:44.864 [info] > git config --get commit.template [15ms]
2025-02-05 09:32:44.882 [info] > git for-each-ref --format=%(refname)%00%(upstream:short)%00%(objectname)%00%(upstream:track)%00%(upstream:remotename)%00%(upstream:remoteref) refs/heads/main refs/remotes/main [1ms]
2025-02-05 09:32:44.901 [info] > git status -z -uall [11ms]
2025-02-05 09:32:44.902 [info] > git for-each-ref --sort -committerdate --format %(refname) %(objectname) %(*objectname) [1ms]
