2025-02-05 09:12:49.515 [info] Added views:outline in workbench.view.explorer
2025-02-05 09:12:49.515 [info] Added views:workbench.view.search in workbench.view.search
2025-02-05 09:12:49.515 [info] Added views:workbench.scm in workbench.view.scm
2025-02-05 09:12:49.515 [info] Added views:workbench.panel.markers.view in workbench.panel.markers
2025-02-05 09:12:49.515 [info] Added views:workbench.panel.output in workbench.panel.output
2025-02-05 09:12:49.515 [info] Added views:terminal in terminal
2025-02-05 09:12:49.515 [info] Added views:timeline in workbench.view.explorer
2025-02-05 09:12:49.515 [info] Added views:workbench.explorer.emptyView in workbench.view.explorer
2025-02-05 09:12:49.655 [info] Added views:workbench.debug.welcome in workbench.view.debug
2025-02-05 09:12:49.746 [info] Added views:~remote.forwardedPorts in ~remote.forwardedPortsContainer
2025-02-05 09:12:49.887 [info] Added views:workbench.panel.repl.view in workbench.panel.repl
2025-02-05 09:13:04.795 [info] Added views:workbench.views.extensions.installed,workbench.views.extensions.popular,extensions.recommendedList in workbench.view.extensions
2025-02-05 09:13:04.795 [info] Removed views:workbench.views.extensions.popular from workbench.view.extensions
2025-02-05 09:13:07.126 [info] Removed views:extensions.recommendedList,workbench.views.extensions.installed from workbench.view.extensions
2025-02-05 09:13:07.145 [info] Added views:workbench.views.extensions.marketplace in workbench.view.extensions
2025-02-05 09:13:15.218 [info] Added views:dockerContainers,dockerImages,dockerRegistries,dockerNetworks,dockerVolumes,vscode-docker.views.dockerContexts,vscode-docker.views.help in workbench.view.extension.dockerView
2025-02-05 09:13:20.473 [info] Added views:outline in workbench.view.explorer
2025-02-05 09:13:20.473 [info] Added views:workbench.view.search in workbench.view.search
2025-02-05 09:13:20.473 [info] Added views:workbench.scm in workbench.view.scm
2025-02-05 09:13:20.473 [info] Added views:workbench.panel.markers.view in workbench.panel.markers
2025-02-05 09:13:20.473 [info] Added views:workbench.panel.output in workbench.panel.output
2025-02-05 09:13:20.473 [info] Added views:terminal in terminal
2025-02-05 09:13:20.473 [info] Added views:timeline in workbench.view.explorer
2025-02-05 09:13:20.473 [info] Added views:workbench.explorer.fileView in workbench.view.explorer
2025-02-05 09:13:20.498 [info] Added views:workbench.debug.welcome in workbench.view.debug
2025-02-05 09:13:20.712 [info] Added views:dockerContainers,dockerImages,dockerRegistries,dockerNetworks,dockerVolumes,vscode-docker.views.dockerContexts,vscode-docker.views.help in workbench.view.extension.dockerView
2025-02-05 09:13:20.810 [info] Added views:workbench.panel.repl.view in workbench.panel.repl
2025-02-05 09:13:20.906 [info] Added views:workbench.scm.history in workbench.view.scm
2025-02-05 09:13:21.432 [info] Added views:~remote.forwardedPorts in ~remote.forwardedPortsContainer
2025-02-05 09:19:17.378 [info] Removed views:workbench.scm.history from workbench.view.scm
2025-02-05 09:19:17.632 [info] Added views:outline in workbench.view.explorer
2025-02-05 09:19:17.632 [info] Added views:workbench.view.search in workbench.view.search
2025-02-05 09:19:17.632 [info] Added views:workbench.scm in workbench.view.scm
2025-02-05 09:19:17.632 [info] Added views:workbench.panel.markers.view in workbench.panel.markers
2025-02-05 09:19:17.632 [info] Added views:workbench.panel.output in workbench.panel.output
2025-02-05 09:19:17.632 [info] Added views:terminal in terminal
2025-02-05 09:19:17.632 [info] Added views:timeline in workbench.view.explorer
2025-02-05 09:19:17.632 [info] Added views:workbench.explorer.fileView in workbench.view.explorer
2025-02-05 09:19:17.716 [info] Added views:workbench.debug.variablesView,workbench.debug.watchExpressionsView,workbench.debug.callStackView,workbench.debug.breakPointsView in workbench.view.debug
2025-02-05 09:19:17.873 [info] Added views:dockerContainers,dockerImages,dockerRegistries,dockerNetworks,dockerVolumes,vscode-docker.views.dockerContexts,vscode-docker.views.help in workbench.view.extension.dockerView
2025-02-05 09:19:17.891 [info] Added views:~remote.forwardedPorts in ~remote.forwardedPortsContainer
2025-02-05 09:19:17.964 [info] Added views:workbench.panel.repl.view in workbench.panel.repl
2025-02-05 09:19:17.965 [info] Removed views:workbench.debug.breakPointsView,workbench.debug.callStackView,workbench.debug.watchExpressionsView,workbench.debug.variablesView from workbench.view.debug
2025-02-05 09:19:17.967 [info] Added views:workbench.debug.welcome in workbench.view.debug
2025-02-05 09:19:18.053 [info] Added views:workbench.scm.history in workbench.view.scm
2025-02-05 09:23:25.931 [info] Removed views:workbench.scm.history from workbench.view.scm
