2025-01-28 20:41:40.211 [info] Extension host with pid 4194 started
2025-01-28 20:41:40.216 [info] ExtensionService#_doActivateExtension vscode.git-base, startup: true, activationEvent: '*', root cause: vscode.git
2025-01-28 20:41:40.219 [info] ExtensionService#_doActivateExtension vscode.git, startup: true, activationEvent: '*'
2025-01-28 20:41:40.250 [info] ExtensionService#_doActivateExtension vscode.github, startup: true, activationEvent: '*'
2025-01-28 20:41:40.277 [info] Eager extensions activated
2025-01-28 20:41:40.281 [info] ExtensionService#_doActivateExtension vscode.debug-auto-launch, startup: false, activationEvent: 'onStartupFinished'
2025-01-28 20:41:40.282 [info] ExtensionService#_doActivateExtension vscode.merge-conflict, startup: false, activationEvent: 'onStartupFinished'
2025-01-28 20:41:55.560 [info] Extension host terminating: renderer closed the MessagePort
2025-01-28 20:41:55.568 [info] Extension host with pid 4194 exiting with code 0
2025-01-28 20:41:56.193 [info] Extension host with pid 4318 started
2025-01-28 20:41:56.193 [info] Skipping acquiring lock for /home/alex/.config/VSCodium/User/workspaceStorage/dbda3b128057544dca8666db1ccc9300.
2025-01-28 20:41:56.212 [info] ExtensionService#_doActivateExtension vscode.git-base, startup: true, activationEvent: '*'
2025-01-28 20:41:56.214 [info] ExtensionService#_doActivateExtension vscode.github, startup: true, activationEvent: '*'
2025-01-28 20:41:56.228 [info] Eager extensions activated
2025-01-28 20:41:56.228 [info] ExtensionService#_doActivateExtension vscode.debug-auto-launch, startup: false, activationEvent: 'onStartupFinished'
2025-01-28 20:41:56.229 [info] ExtensionService#_doActivateExtension vscode.merge-conflict, startup: false, activationEvent: 'onStartupFinished'
2025-01-28 20:41:57.800 [info] ExtensionService#_doActivateExtension vscode.git, startup: false, activationEvent: 'api', root cause: vscode.github
2025-01-28 20:41:59.717 [info] ExtensionService#_doActivateExtension ms-python.python, startup: false, activationEvent: 'onLanguage:python', root cause: ms-python.debugpy
2025-01-28 20:41:59.842 [info] ExtensionService#_doActivateExtension vscode.emmet, startup: false, activationEvent: 'onLanguage'
2025-01-28 20:41:59.901 [info] ExtensionService#_doActivateExtension ms-python.debugpy, startup: false, activationEvent: 'onLanguage:python'
2025-01-28 20:42:17.051 [info] ExtensionService#_doActivateExtension vscode.configuration-editing, startup: false, activationEvent: 'onLanguage:jsonc'
2025-01-28 20:42:17.073 [info] ExtensionService#_doActivateExtension vscode.json-language-features, startup: false, activationEvent: 'onLanguage:jsonc'
2025-01-28 20:42:17.136 [info] ExtensionService#_doActivateExtension vscode.typescript-language-features, startup: false, activationEvent: 'onLanguage:jsonc'
2025-01-28 21:36:42.156 [info] ExtensionService#_doActivateExtension vscode.npm, startup: false, activationEvent: 'onTerminalQuickFixRequest:ms-vscode.npm-command'
2025-01-28 21:41:21.893 [info] ExtensionService#_doActivateExtension vscode.html-language-features, startup: false, activationEvent: 'onLanguage:html'
2025-01-28 22:35:20.470 [info] Extension host terminating: renderer closed the MessagePort
2025-01-28 22:35:20.487 [info] Extension host with pid 4318 exiting with code 0
