2025-02-07 15:08:18.209 [info] Extension host with pid 109936 started
2025-02-07 15:08:18.233 [info] ExtensionService#_doActivateExtension vscode.git-base, startup: true, activationEvent: '*', root cause: vscode.git
2025-02-07 15:08:18.242 [info] ExtensionService#_doActivateExtension vscode.git, startup: true, activationEvent: '*'
2025-02-07 15:08:18.272 [info] ExtensionService#_doActivateExtension vscode.github, startup: true, activationEvent: '*'
2025-02-07 15:08:18.299 [info] Eager extensions activated
2025-02-07 15:08:18.303 [info] ExtensionService#_doActivateExtension vscode.debug-auto-launch, startup: false, activationEvent: 'onStartupFinished'
2025-02-07 15:08:18.304 [info] ExtensionService#_doActivateExtension vscode.merge-conflict, startup: false, activationEvent: 'onStartupFinished'
2025-02-07 15:09:05.758 [info] Extension host terminating: renderer closed the MessagePort
2025-02-07 15:09:05.763 [info] Extension host with pid 109936 exiting with code 0
2025-02-07 15:09:06.341 [info] Extension host with pid 110264 started
2025-02-07 15:09:06.341 [info] Skipping acquiring lock for /home/alex/.config/VSCodium/User/workspaceStorage/45088e1362fb25fc70ef8298894de051.
2025-02-07 15:09:06.346 [info] ExtensionService#_doActivateExtension vscode.git-base, startup: true, activationEvent: '*', root cause: vscode.git
2025-02-07 15:09:06.351 [info] ExtensionService#_doActivateExtension vscode.git, startup: true, activationEvent: '*'
2025-02-07 15:09:06.381 [info] ExtensionService#_doActivateExtension vscode.github, startup: true, activationEvent: '*'
2025-02-07 15:09:06.408 [info] Eager extensions activated
2025-02-07 15:09:06.415 [info] ExtensionService#_doActivateExtension vscode.debug-auto-launch, startup: false, activationEvent: 'onStartupFinished'
2025-02-07 15:09:06.416 [info] ExtensionService#_doActivateExtension vscode.merge-conflict, startup: false, activationEvent: 'onStartupFinished'
2025-02-07 15:09:14.714 [info] ExtensionService#_doActivateExtension ms-python.python, startup: false, activationEvent: 'onLanguage:python', root cause: ms-python.debugpy
2025-02-07 15:09:14.856 [info] ExtensionService#_doActivateExtension vscode.emmet, startup: false, activationEvent: 'onLanguage'
2025-02-07 15:09:14.921 [info] ExtensionService#_doActivateExtension ms-python.debugpy, startup: false, activationEvent: 'onLanguage:python'
