2025-01-28 20:41:39.840 [warning] Via 'product.json#extensionEnabledApiProposals' extension 'ms-vscode.vscode-selfhost-test-provider' wants API proposal 'attributableCoverage' but that proposal DOES NOT EXIST. Likely, the proposal has been finalized (check 'vscode.d.ts') or was abandoned.
2025-01-28 20:41:39.840 [warning] Via 'product.json#extensionEnabledApiProposals' extension 'ms-python.python' wants API proposal 'contribIssueReporter' but that proposal DOES NOT EXIST. Likely, the proposal has been finalized (check 'vscode.d.ts') or was abandoned.
2025-01-28 20:41:39.840 [warning] Via 'product.json#extensionEnabledApiProposals' extension 'ms-python.debugpy' wants API proposal 'contribIssueReporter' but that proposal DOES NOT EXIST. Likely, the proposal has been finalized (check 'vscode.d.ts') or was abandoned.
2025-01-28 20:41:39.959 [info] Started local extension host with pid 4194.
2025-01-28 20:41:40.130 [error] [ms-python.python]: Menu item references a command `python.launchTensorBoard` which is not defined in the 'commands' section.
2025-01-28 20:41:40.130 [error] [ms-python.python]: Menu item references a command `python.refreshTensorBoard` which is not defined in the 'commands' section.
2025-01-28 20:41:40.130 [error] [ms-python.python]: Menu item references a command `python.refreshTensorBoard` which is not defined in the 'commands' section.
2025-01-28 20:41:42.579 [info] [perf] Render performance baseline is 13ms
2025-01-28 20:41:45.240 [error] Timed out waiting for authentication provider to register
2025-01-28 20:41:55.801 [warning] Via 'product.json#extensionEnabledApiProposals' extension 'ms-vscode.vscode-selfhost-test-provider' wants API proposal 'attributableCoverage' but that proposal DOES NOT EXIST. Likely, the proposal has been finalized (check 'vscode.d.ts') or was abandoned.
2025-01-28 20:41:55.801 [warning] Via 'product.json#extensionEnabledApiProposals' extension 'ms-python.python' wants API proposal 'contribIssueReporter' but that proposal DOES NOT EXIST. Likely, the proposal has been finalized (check 'vscode.d.ts') or was abandoned.
2025-01-28 20:41:55.801 [warning] Via 'product.json#extensionEnabledApiProposals' extension 'ms-python.debugpy' wants API proposal 'contribIssueReporter' but that proposal DOES NOT EXIST. Likely, the proposal has been finalized (check 'vscode.d.ts') or was abandoned.
2025-01-28 20:41:55.939 [info] Started local extension host with pid 4318.
2025-01-28 20:41:56.126 [error] [ms-python.python]: Menu item references a command `python.launchTensorBoard` which is not defined in the 'commands' section.
2025-01-28 20:41:56.126 [error] [ms-python.python]: Menu item references a command `python.refreshTensorBoard` which is not defined in the 'commands' section.
2025-01-28 20:41:56.127 [error] [ms-python.python]: Menu item references a command `python.refreshTensorBoard` which is not defined in the 'commands' section.
2025-01-28 20:41:57.754 [error] [ms-python.python]: Menu item references a command `python.launchTensorBoard` which is not defined in the 'commands' section.
2025-01-28 20:41:57.755 [error] [ms-python.python]: Menu item references a command `python.refreshTensorBoard` which is not defined in the 'commands' section.
2025-01-28 20:41:57.755 [error] [ms-python.python]: Menu item references a command `python.refreshTensorBoard` which is not defined in the 'commands' section.
2025-01-28 20:41:58.540 [info] [perf] Render performance baseline is 17ms
2025-01-28 20:42:01.182 [error] Timed out waiting for authentication provider to register
